000 (6199915.000.000) 2022-04-18 21:05:05 Job submitted from host: <193.109.174.82:9618?addrs=193.109.174.82-9618&alias=submit01.pic.es&noUDP&sock=schedd_24122_439b>
...
040 (6199915.000.000) 2022-04-18 21:05:12 Finished transferring input files
...
001 (6199915.000.000) 2022-04-18 21:05:12 Job executing on host: <192.168.102.37:9618?addrs=192.168.102.37-9618+[2001-67c-1148-301--827]-9618&alias=td827.pic.es&noUDP&sock=startd_3297_0bd6>
...
006 (6199915.000.000) 2022-04-18 21:05:16 Image size of job updated: 37500
	0  -  MemoryUsage of job (MB)
	0  -  ResidentSetSize of job (KB)
...
040 (6199915.000.000) 2022-04-18 21:05:16 Started transferring output files
...
040 (6199915.000.000) 2022-04-18 21:05:16 Finished transferring output files
...
005 (6199915.000.000) 2022-04-18 21:05:16 Job terminated.
	(1) Normal termination (return value 0)
		Usr 0 00:00:00, Sys 0 00:00:00  -  Run Remote Usage
		Usr 0 00:00:00, Sys 0 00:00:00  -  Run Local Usage
		Usr 0 00:00:00, Sys 0 00:00:00  -  Total Remote Usage
		Usr 0 00:00:00, Sys 0 00:00:00  -  Total Local Usage
	0  -  Run Bytes Sent By Job
	0  -  Run Bytes Received By Job
	0  -  Total Bytes Sent By Job
	0  -  Total Bytes Received By Job
	Partitionable Resources :    Usage  Request Allocated 
	   Cpus                 :                 1         1 
	   Disk (KB)            :       13 15728640  19787296 
	   Memory (MB)          :        0     2048      2048 

	Job terminated of its own accord at 2022-04-18T19:05:16Z.
...
000 (6589057.000.000) 2022-06-07 13:12:40 Job submitted from host: <193.109.174.82:9618?addrs=193.109.174.82-9618&alias=submit01.pic.es&noUDP&sock=schedd_1572962_ad57>
...
040 (6589057.000.000) 2022-06-07 13:12:45 Finished transferring input files
...
001 (6589057.000.000) 2022-06-07 13:12:45 Job executing on host: <192.168.102.30:9618?addrs=192.168.102.30-9618&alias=td820.pic.es&noUDP&sock=startd_3692353_9ea6>
...
006 (6589057.000.000) 2022-06-07 13:12:55 Image size of job updated: 988248
	196  -  MemoryUsage of job (MB)
	200124  -  ResidentSetSize of job (KB)
...
006 (6589057.000.000) 2022-06-07 13:13:32 Image size of job updated: 988248
	203  -  MemoryUsage of job (MB)
	207264  -  ResidentSetSize of job (KB)
...
040 (6589057.000.000) 2022-06-07 13:13:32 Started transferring output files
...
040 (6589057.000.000) 2022-06-07 13:13:32 Finished transferring output files
...
005 (6589057.000.000) 2022-06-07 13:13:32 Job terminated.
	(1) Normal termination (return value 0)
		Usr 0 00:00:20, Sys 0 00:00:13  -  Run Remote Usage
		Usr 0 00:00:00, Sys 0 00:00:00  -  Run Local Usage
		Usr 0 00:00:20, Sys 0 00:00:13  -  Total Remote Usage
		Usr 0 00:00:00, Sys 0 00:00:00  -  Total Local Usage
	83  -  Run Bytes Sent By Job
	0  -  Run Bytes Received By Job
	83  -  Total Bytes Sent By Job
	0  -  Total Bytes Received By Job
	Partitionable Resources :    Usage  Request Allocated 
	   Cpus                 :                 1         1 
	   Disk (KB)            :  1035931 15728640  19754109 
	   Memory (MB)          :      203     2048      2048 

	Job terminated of its own accord at 2022-06-07T11:13:32Z.
...
000 (6612599.000.000) 2022-06-21 02:51:35 Job submitted from host: <193.109.174.82:9618?addrs=193.109.174.82-9618&alias=submit01.pic.es&noUDP&sock=schedd_1572962_ad57>
...
040 (6612599.000.000) 2022-06-21 02:51:56 Finished transferring input files
...
001 (6612599.000.000) 2022-06-21 02:51:56 Job executing on host: <192.168.102.32:9618?addrs=192.168.102.32-9618+[2001-67c-1148-301--822]-9618&alias=td822.pic.es&noUDP&sock=startd_441878_21f4>
...
006 (6612599.000.000) 2022-06-21 02:52:04 Image size of job updated: 37500
	21  -  MemoryUsage of job (MB)
	21076  -  ResidentSetSize of job (KB)
...
006 (6612599.000.000) 2022-06-21 02:52:27 Image size of job updated: 11159856
	22  -  MemoryUsage of job (MB)
	21660  -  ResidentSetSize of job (KB)
...
040 (6612599.000.000) 2022-06-21 02:52:27 Started transferring output files
...
040 (6612599.000.000) 2022-06-21 02:52:27 Finished transferring output files
...
005 (6612599.000.000) 2022-06-21 02:52:27 Job terminated.
	(1) Normal termination (return value 0)
		Usr 0 00:00:15, Sys 0 00:00:11  -  Run Remote Usage
		Usr 0 00:00:00, Sys 0 00:00:00  -  Run Local Usage
		Usr 0 00:00:15, Sys 0 00:00:11  -  Total Remote Usage
		Usr 0 00:00:00, Sys 0 00:00:00  -  Total Local Usage
	83  -  Run Bytes Sent By Job
	0  -  Run Bytes Received By Job
	83  -  Total Bytes Sent By Job
	0  -  Total Bytes Received By Job
	Partitionable Resources :    Usage  Request Allocated 
	   Cpus                 :                 1         1 
	   Disk (KB)            :   851370 15728640  19670623 
	   Memory (MB)          :       22     2048      2048 

	Job terminated of its own accord at 2022-06-21T00:52:27Z.
...
000 (6613199.000.000) 2022-06-23 14:19:19 Job submitted from host: <193.109.174.82:9618?addrs=193.109.174.82-9618&alias=submit01.pic.es&noUDP&sock=schedd_1572962_ad57>
...
040 (6613199.000.000) 2022-06-23 14:20:16 Finished transferring input files
...
001 (6613199.000.000) 2022-06-23 14:20:16 Job executing on host: <192.168.100.146:9618?addrs=192.168.100.146-9618+[2001-67c-1148-301--62]-9618&alias=td062.pic.es&noUDP&sock=startd_3346041_6489>
...
006 (6613199.000.000) 2022-06-23 14:20:24 Image size of job updated: 987836
	12  -  MemoryUsage of job (MB)
	11308  -  ResidentSetSize of job (KB)
...
006 (6613199.000.000) 2022-06-23 14:21:12 Image size of job updated: 4619472
	12  -  MemoryUsage of job (MB)
	11308  -  ResidentSetSize of job (KB)
...
040 (6613199.000.000) 2022-06-23 14:21:12 Started transferring output files
...
040 (6613199.000.000) 2022-06-23 14:21:12 Finished transferring output files
...
005 (6613199.000.000) 2022-06-23 14:21:12 Job terminated.
	(1) Normal termination (return value 0)
		Usr 0 00:00:18, Sys 0 00:00:14  -  Run Remote Usage
		Usr 0 00:00:00, Sys 0 00:00:00  -  Run Local Usage
		Usr 0 00:00:18, Sys 0 00:00:14  -  Total Remote Usage
		Usr 0 00:00:00, Sys 0 00:00:00  -  Total Local Usage
	83  -  Run Bytes Sent By Job
	0  -  Run Bytes Received By Job
	83  -  Total Bytes Sent By Job
	0  -  Total Bytes Received By Job
	Partitionable Resources :    Usage  Request Allocated 
	   Cpus                 :                 1         1 
	   Disk (KB)            :   851370 15728640  16688833 
	   Memory (MB)          :       12     2048      2048 

	Job terminated of its own accord at 2022-06-23T12:21:12Z.
...
000 (6619351.000.000) 2022-06-24 20:27:03 Job submitted from host: <193.109.174.82:9618?addrs=193.109.174.82-9618&alias=submit01.pic.es&noUDP&sock=schedd_1572962_ad57>
...
040 (6619351.000.000) 2022-06-24 20:27:15 Finished transferring input files
...
001 (6619351.000.000) 2022-06-24 20:27:15 Job executing on host: <192.168.100.65:9618?addrs=192.168.100.65-9618+[2001-67c-1148-301--263]-9618&alias=tds263.pic.es&noUDP&sock=startd_1204608_78b2>
...
006 (6619351.000.000) 2022-06-24 20:27:24 Image size of job updated: 987836
	12  -  MemoryUsage of job (MB)
	11272  -  ResidentSetSize of job (KB)
...
006 (6619351.000.000) 2022-06-24 20:28:32 Image size of job updated: 6287172
	12  -  MemoryUsage of job (MB)
	11272  -  ResidentSetSize of job (KB)
...
040 (6619351.000.000) 2022-06-24 20:28:32 Started transferring output files
...
040 (6619351.000.000) 2022-06-24 20:28:32 Finished transferring output files
...
005 (6619351.000.000) 2022-06-24 20:28:32 Job terminated.
	(1) Normal termination (return value 0)
		Usr 0 00:00:16, Sys 0 00:00:11  -  Run Remote Usage
		Usr 0 00:00:00, Sys 0 00:00:00  -  Run Local Usage
		Usr 0 00:00:16, Sys 0 00:00:11  -  Total Remote Usage
		Usr 0 00:00:00, Sys 0 00:00:00  -  Total Local Usage
	83  -  Run Bytes Sent By Job
	0  -  Run Bytes Received By Job
	83  -  Total Bytes Sent By Job
	0  -  Total Bytes Received By Job
	Partitionable Resources :     Usage  Request Allocated 
	   Cpus                 :      0.45        1         1 
	   Disk (KB)            : 842414    15728640  21314616 
	   Memory (MB)          :     12        2048      2048 

	Job terminated of its own accord at 2022-06-24T18:28:32Z.
...
000 (6619929.000.000) 2022-06-27 13:33:14 Job submitted from host: <193.109.174.82:9618?addrs=193.109.174.82-9618&alias=submit01.pic.es&noUDP&sock=schedd_1572962_ad57>
...
040 (6619929.000.000) 2022-06-27 13:33:22 Finished transferring input files
...
001 (6619929.000.000) 2022-06-27 13:33:22 Job executing on host: <192.168.100.38:9618?addrs=192.168.100.38-9618+[2001-67c-1148-301--236]-9618&alias=tds236.pic.es&noUDP&sock=startd_3927495_7934>
...
006 (6619929.000.000) 2022-06-27 13:33:33 Image size of job updated: 37500
	12  -  MemoryUsage of job (MB)
	11276  -  ResidentSetSize of job (KB)
...
006 (6619929.000.000) 2022-06-27 13:36:37 Image size of job updated: 6420724
	12  -  MemoryUsage of job (MB)
	11276  -  ResidentSetSize of job (KB)
...
040 (6619929.000.000) 2022-06-27 13:36:37 Started transferring output files
...
040 (6619929.000.000) 2022-06-27 13:36:37 Finished transferring output files
...
005 (6619929.000.000) 2022-06-27 13:36:37 Job terminated.
	(1) Normal termination (return value 0)
		Usr 0 00:00:17, Sys 0 00:00:09  -  Run Remote Usage
		Usr 0 00:00:00, Sys 0 00:00:00  -  Run Local Usage
		Usr 0 00:00:17, Sys 0 00:00:09  -  Total Remote Usage
		Usr 0 00:00:00, Sys 0 00:00:00  -  Total Local Usage
	83  -  Run Bytes Sent By Job
	0  -  Run Bytes Received By Job
	83  -  Total Bytes Sent By Job
	0  -  Total Bytes Received By Job
	Partitionable Resources :     Usage  Request Allocated 
	   Cpus                 :      0.13        1         1 
	   Disk (KB)            : 201298    15728640  21163936 
	   Memory (MB)          :     12        2048      2048 

	Job terminated of its own accord at 2022-06-27T11:36:37Z.
...
000 (6620957.000.000) 2022-06-28 19:15:16 Job submitted from host: <193.109.174.82:9618?addrs=193.109.174.82-9618&alias=submit01.pic.es&noUDP&sock=schedd_1572962_ad57>
...
040 (6620957.000.000) 2022-06-28 19:15:24 Finished transferring input files
...
001 (6620957.000.000) 2022-06-28 19:15:24 Job executing on host: <192.168.100.158:9618?addrs=192.168.100.158-9618+[2001-67c-1148-301--708]-9618&alias=td708.pic.es&noUDP&sock=startd_3906770_d8e7>
...
006 (6620957.000.000) 2022-06-28 19:15:32 Image size of job updated: 37500
	12  -  MemoryUsage of job (MB)
	11280  -  ResidentSetSize of job (KB)
...
006 (6620957.000.000) 2022-06-28 19:18:06 Image size of job updated: 4797484
	12  -  MemoryUsage of job (MB)
	11280  -  ResidentSetSize of job (KB)
...
040 (6620957.000.000) 2022-06-28 19:18:06 Started transferring output files
...
040 (6620957.000.000) 2022-06-28 19:18:06 Finished transferring output files
...
005 (6620957.000.000) 2022-06-28 19:18:06 Job terminated.
	(1) Normal termination (return value 0)
		Usr 0 00:00:22, Sys 0 00:00:15  -  Run Remote Usage
		Usr 0 00:00:00, Sys 0 00:00:00  -  Run Local Usage
		Usr 0 00:00:22, Sys 0 00:00:15  -  Total Remote Usage
		Usr 0 00:00:00, Sys 0 00:00:00  -  Total Local Usage
	83  -  Run Bytes Sent By Job
	0  -  Run Bytes Received By Job
	83  -  Total Bytes Sent By Job
	0  -  Total Bytes Received By Job
	Partitionable Resources :     Usage  Request Allocated 
	   Cpus                 :      0.15        1         1 
	   Disk (KB)            : 440330    15728640  16208739 
	   Memory (MB)          :     12        2048      2048 

	Job terminated of its own accord at 2022-06-28T17:18:06Z.
...
