000 (4447486.000.000) 07/22 20:12:40 Job submitted from host: <193.109.174.82:9618?addrs=193.109.174.82-9618&noUDP&sock=2519617_4489_3>
...
001 (4447486.000.000) 07/22 20:12:49 Job executing on host: <192.168.101.237:9618?addrs=192.168.101.237-9618&noUDP&sock=2178_815c_3>
...
006 (4447486.000.000) 07/22 20:12:57 Image size of job updated: 37500
	16  -  MemoryUsage of job (MB)
	15700  -  ResidentSetSize of job (KB)
...
006 (4447486.000.000) 07/22 20:18:02 Image size of job updated: 4290252
	16  -  MemoryUsage of job (MB)
	15700  -  ResidentSetSize of job (KB)
...
006 (4447486.000.000) 07/22 20:22:58 Image size of job updated: 4290252
	335  -  MemoryUsage of job (MB)
	342664  -  ResidentSetSize of job (KB)
...
006 (4447486.000.000) 07/22 20:27:58 Image size of job updated: 4290252
	358  -  MemoryUsage of job (MB)
	366016  -  ResidentSetSize of job (KB)
...
006 (4447486.000.000) 07/22 20:58:03 Image size of job updated: 4290252
	417  -  MemoryUsage of job (MB)
	426644  -  ResidentSetSize of job (KB)
...
006 (4447486.000.000) 07/22 21:38:08 Image size of job updated: 4290252
	497  -  MemoryUsage of job (MB)
	507960  -  ResidentSetSize of job (KB)
...
005 (4447486.000.000) 07/22 22:28:59 Job terminated.
	(1) Normal termination (return value 1)
		Usr 0 01:58:59, Sys 0 00:13:55  -  Run Remote Usage
		Usr 0 00:00:00, Sys 0 00:00:00  -  Run Local Usage
		Usr 0 01:58:59, Sys 0 00:13:55  -  Total Remote Usage
		Usr 0 00:00:00, Sys 0 00:00:00  -  Total Local Usage
	70  -  Run Bytes Sent By Job
	0  -  Run Bytes Received By Job
	70  -  Total Bytes Sent By Job
	0  -  Total Bytes Received By Job
	Partitionable Resources :      Usage  Request Allocated 
	   Cpus                 :       0.97        1         1 
	   Disk (KB)            : 5376423    15728640  16478019 
	   Memory (MB)          :     497        2048      2048 
...
