000 (4447362.000.000) 07/22 12:27:19 Job submitted from host: <193.109.174.82:9618?addrs=193.109.174.82-9618&noUDP&sock=2519617_4489_3>
...
001 (4447362.000.000) 07/22 12:27:30 Job executing on host: <192.168.100.68:36373?addrs=192.168.100.68-36373+[2001-67c-1148-301--266]-36373>
...
006 (4447362.000.000) 07/22 12:27:38 Image size of job updated: 37500
	17  -  MemoryUsage of job (MB)
	16676  -  ResidentSetSize of job (KB)
...
006 (4447362.000.000) 07/22 12:31:24 Image size of job updated: 6994180
	17  -  MemoryUsage of job (MB)
	16676  -  ResidentSetSize of job (KB)
...
005 (4447362.000.000) 07/22 12:31:24 Job terminated.
	(1) Normal termination (return value 0)
		Usr 0 00:00:18, Sys 0 00:00:07  -  Run Remote Usage
		Usr 0 00:00:00, Sys 0 00:00:00  -  Run Local Usage
		Usr 0 00:00:18, Sys 0 00:00:07  -  Total Remote Usage
		Usr 0 00:00:00, Sys 0 00:00:00  -  Total Local Usage
	5353  -  Run Bytes Sent By Job
	0  -  Run Bytes Received By Job
	5353  -  Total Bytes Sent By Job
	0  -  Total Bytes Received By Job
	Partitionable Resources :     Usage  Request Allocated 
	   Cpus                 :      0.00        1         1 
	   Disk (KB)            : 109748    15728640  21375894 
	   Memory (MB)          :     17        2048      2048 
...
