000 (5942115.000.000) 2022-02-26 10:43:36 Job submitted from host: <193.109.174.82:9618?addrs=193.109.174.82-9618&alias=submit01.pic.es&noUDP&sock=schedd_1007576_e86c>
...
040 (5942115.000.000) 2022-02-26 10:43:58 Finished transferring input files
...
001 (5942115.000.000) 2022-02-26 10:43:58 Job executing on host: <192.168.100.203:9618?addrs=192.168.100.203-9618+[2001-67c-1148-301--103]-9618&alias=td103.pic.es&noUDP&sock=startd_3628818_e4f3>
...
006 (5942115.000.000) 2022-02-26 10:44:07 Image size of job updated: 37500
	12  -  MemoryUsage of job (MB)
	11280  -  ResidentSetSize of job (KB)
...
006 (5942115.000.000) 2022-02-26 10:48:57 Image size of job updated: 4805200
	12  -  MemoryUsage of job (MB)
	11280  -  ResidentSetSize of job (KB)
...
040 (5942115.000.000) 2022-02-26 10:48:57 Started transferring output files
...
040 (5942115.000.000) 2022-02-26 10:48:57 Finished transferring output files
...
005 (5942115.000.000) 2022-02-26 10:48:57 Job terminated.
	(1) Normal termination (return value 1)
		Usr 0 00:03:03, Sys 0 00:00:48  -  Run Remote Usage
		Usr 0 00:00:00, Sys 0 00:00:00  -  Run Local Usage
		Usr 0 00:03:03, Sys 0 00:00:48  -  Total Remote Usage
		Usr 0 00:00:00, Sys 0 00:00:00  -  Total Local Usage
	83  -  Run Bytes Sent By Job
	0  -  Run Bytes Received By Job
	83  -  Total Bytes Sent By Job
	0  -  Total Bytes Received By Job
	Partitionable Resources :     Usage  Request Allocated 
	   Cpus                 :      0.00        1         1 
	   Disk (KB)            : 925450    15728640  16894460 
	   Memory (MB)          :     12        2048      2048 

	Job terminated of its own accord at 2022-02-26T09:48:57Z.
...
000 (5979193.000.000) 2022-02-28 16:32:21 Job submitted from host: <193.109.174.82:9618?addrs=193.109.174.82-9618&alias=submit01.pic.es&noUDP&sock=schedd_1007576_e86c>
...
040 (5979193.000.000) 2022-02-28 17:32:29 Finished transferring input files
...
001 (5979193.000.000) 2022-02-28 17:32:29 Job executing on host: <192.168.101.187:9618?addrs=192.168.101.187-9618&alias=td632.pic.es&noUDP&sock=startd_2185_4e86>
...
006 (5979193.000.000) 2022-02-28 17:32:37 Image size of job updated: 987836
	12  -  MemoryUsage of job (MB)
	11288  -  ResidentSetSize of job (KB)
...
006 (5979193.000.000) 2022-02-28 17:41:04 Image size of job updated: 4131036
	13  -  MemoryUsage of job (MB)
	12764  -  ResidentSetSize of job (KB)
...
006 (5979193.000.000) 2022-02-28 17:51:33 Image size of job updated: 13431904
	13  -  MemoryUsage of job (MB)
	12764  -  ResidentSetSize of job (KB)
...
006 (5979193.000.000) 2022-02-28 18:05:54 Image size of job updated: 13431904
	283  -  MemoryUsage of job (MB)
	289644  -  ResidentSetSize of job (KB)
...
006 (5979193.000.000) 2022-02-28 18:10:55 Image size of job updated: 13432040
	305  -  MemoryUsage of job (MB)
	311772  -  ResidentSetSize of job (KB)
...
006 (5979193.000.000) 2022-02-28 19:11:03 Image size of job updated: 13465196
	305  -  MemoryUsage of job (MB)
	311772  -  ResidentSetSize of job (KB)
...
006 (5979193.000.000) 2022-02-28 19:51:09 Image size of job updated: 13465196
	322  -  MemoryUsage of job (MB)
	329696  -  ResidentSetSize of job (KB)
...
006 (5979193.000.000) 2022-02-28 20:21:16 Image size of job updated: 13465196
	399  -  MemoryUsage of job (MB)
	408356  -  ResidentSetSize of job (KB)
...
006 (5979193.000.000) 2022-02-28 20:46:16 Image size of job updated: 13465196
	413  -  MemoryUsage of job (MB)
	422688  -  ResidentSetSize of job (KB)
...
040 (5979193.000.000) 2022-02-28 20:55:17 Started transferring output files
...
040 (5979193.000.000) 2022-02-28 20:55:17 Finished transferring output files
...
005 (5979193.000.000) 2022-02-28 20:55:17 Job terminated.
	(1) Normal termination (return value 1)
		Usr 0 02:56:39, Sys 0 00:20:22  -  Run Remote Usage
		Usr 0 00:00:00, Sys 0 00:00:00  -  Run Local Usage
		Usr 0 02:56:39, Sys 0 00:20:22  -  Total Remote Usage
		Usr 0 00:00:00, Sys 0 00:00:00  -  Total Local Usage
	83  -  Run Bytes Sent By Job
	0  -  Run Bytes Received By Job
	83  -  Total Bytes Sent By Job
	0  -  Total Bytes Received By Job
	Partitionable Resources :      Usage  Request Allocated 
	   Cpus                 :       0.98        1         1 
	   Disk (KB)            : 5084346    15728640  16118597 
	   Memory (MB)          :     413        2048      2048 

	Job terminated of its own accord at 2022-02-28T19:55:17Z.
...
