000 (7151905.000.000) 2022-11-29 11:56:20 Job submitted from host: <193.109.174.82:9618?addrs=193.109.174.82-9618&alias=submit01.pic.es&noUDP&sock=schedd_3366225_f019>
...
040 (7151905.000.000) 2022-11-29 11:56:34 Finished transferring input files
...
001 (7151905.000.000) 2022-11-29 11:56:34 Job executing on host: <192.168.100.173:9618?addrs=192.168.100.173-9618+[2001-67c-1148-301--73]-9618&alias=td073.pic.es&noUDP&sock=startd_2228_cd18>
...
006 (7151905.000.000) 2022-11-29 11:56:43 Image size of job updated: 1681932
	25  -  MemoryUsage of job (MB)
	24880  -  ResidentSetSize of job (KB)
...
006 (7151905.000.000) 2022-11-29 11:58:50 Image size of job updated: 1884696
	25  -  MemoryUsage of job (MB)
	25196  -  ResidentSetSize of job (KB)
...
040 (7151905.000.000) 2022-11-29 11:58:50 Started transferring output files
...
040 (7151905.000.000) 2022-11-29 11:58:50 Finished transferring output files
...
005 (7151905.000.000) 2022-11-29 11:58:50 Job terminated.
	(1) Normal termination (return value 0)
		Usr 0 00:00:49, Sys 0 00:00:49  -  Run Remote Usage
		Usr 0 00:00:00, Sys 0 00:00:00  -  Run Local Usage
		Usr 0 00:00:49, Sys 0 00:00:49  -  Total Remote Usage
		Usr 0 00:00:00, Sys 0 00:00:00  -  Total Local Usage
	0  -  Run Bytes Sent By Job
	0  -  Run Bytes Received By Job
	0  -  Total Bytes Sent By Job
	0  -  Total Bytes Received By Job
	Partitionable Resources :    Usage  Request Allocated 
	   Cpus                 :                 1         1 
	   Disk (KB)            :       13 15728640  16145520 
	   Memory (MB)          :       25     2048      2048 

	Job terminated of its own accord at 2022-11-29T10:58:50Z.
...
000 (7152356.000.000) 2022-11-29 18:48:10 Job submitted from host: <193.109.174.82:9618?addrs=193.109.174.82-9618&alias=submit01.pic.es&noUDP&sock=schedd_3366225_f019>
...
040 (7152356.000.000) 2022-11-29 18:48:24 Finished transferring input files
...
001 (7152356.000.000) 2022-11-29 18:48:24 Job executing on host: <192.168.100.6:9618?addrs=192.168.100.6-9618+[2001-67c-1148-301--204]-9618&alias=tds204.pic.es&noUDP&sock=startd_2251_93c6>
...
006 (7152356.000.000) 2022-11-29 18:48:32 Image size of job updated: 1413764
	24  -  MemoryUsage of job (MB)
	23576  -  ResidentSetSize of job (KB)
...
006 (7152356.000.000) 2022-11-29 18:50:34 Image size of job updated: 1918652
	24  -  MemoryUsage of job (MB)
	23608  -  ResidentSetSize of job (KB)
...
040 (7152356.000.000) 2022-11-29 18:50:34 Started transferring output files
...
040 (7152356.000.000) 2022-11-29 18:50:34 Finished transferring output files
...
005 (7152356.000.000) 2022-11-29 18:50:34 Job terminated.
	(1) Normal termination (return value 0)
		Usr 0 00:00:45, Sys 0 00:00:43  -  Run Remote Usage
		Usr 0 00:00:00, Sys 0 00:00:00  -  Run Local Usage
		Usr 0 00:00:45, Sys 0 00:00:43  -  Total Remote Usage
		Usr 0 00:00:00, Sys 0 00:00:00  -  Total Local Usage
	0  -  Run Bytes Sent By Job
	0  -  Run Bytes Received By Job
	0  -  Total Bytes Sent By Job
	0  -  Total Bytes Received By Job
	Partitionable Resources :    Usage  Request Allocated 
	   Cpus                 :                 1         1 
	   Disk (KB)            :       14 15728640  16010809 
	   Memory (MB)          :       24     2048      2048 

	Job terminated of its own accord at 2022-11-29T17:50:34Z.
...
