000 (5737200.000.000) 2022-02-02 10:40:52 Job submitted from host: <193.109.174.82:9618?addrs=193.109.174.82-9618&alias=submit01.pic.es&noUDP&sock=schedd_1972390_0fe6>
...
040 (5737200.000.000) 2022-02-02 10:41:01 Finished transferring input files
...
001 (5737200.000.000) 2022-02-02 10:41:01 Job executing on host: <192.168.101.174:9618?addrs=192.168.101.174-9618&alias=td619.pic.es&noUDP&sock=startd_2177_d1c4>
...
006 (5737200.000.000) 2022-02-02 10:41:09 Image size of job updated: 37500
	11  -  MemoryUsage of job (MB)
	10944  -  ResidentSetSize of job (KB)
...
006 (5737200.000.000) 2022-02-02 10:44:52 Image size of job updated: 4191808
	11  -  MemoryUsage of job (MB)
	10944  -  ResidentSetSize of job (KB)
...
040 (5737200.000.000) 2022-02-02 10:44:52 Started transferring output files
...
040 (5737200.000.000) 2022-02-02 10:44:52 Finished transferring output files
...
005 (5737200.000.000) 2022-02-02 10:44:52 Job terminated.
	(1) Normal termination (return value 0)
		Usr 0 00:00:16, Sys 0 00:00:15  -  Run Remote Usage
		Usr 0 00:00:00, Sys 0 00:00:00  -  Run Local Usage
		Usr 0 00:00:16, Sys 0 00:00:15  -  Total Remote Usage
		Usr 0 00:00:00, Sys 0 00:00:00  -  Total Local Usage
	5290  -  Run Bytes Sent By Job
	0  -  Run Bytes Received By Job
	5290  -  Total Bytes Sent By Job
	0  -  Total Bytes Received By Job
	Partitionable Resources :    Usage  Request Allocated 
	   Cpus                 :                 1         1 
	   Disk (KB)            :    73613 15728640  15994887 
	   Memory (MB)          :       11     2048      2048 

	Job terminated of its own accord at 2022-02-02T09:44:52Z.
...
