000 (6630549.000.000) 2022-07-08 08:18:36 Job submitted from host: <193.109.174.82:9618?addrs=193.109.174.82-9618&alias=submit01.pic.es&noUDP&sock=schedd_1572962_ad57>
...
009 (6630549.000.000) 2022-07-08 08:19:17 Job was aborted.
	via condor_rm (by user rgomez)
...
000 (6630775.000.000) 2022-07-08 14:45:28 Job submitted from host: <193.109.174.82:9618?addrs=193.109.174.82-9618&alias=submit01.pic.es&noUDP&sock=schedd_1572962_ad57>
...
040 (6630775.000.000) 2022-07-08 14:48:14 Finished transferring input files
...
001 (6630775.000.000) 2022-07-08 14:48:14 Job executing on host: <192.168.100.24:9618?addrs=192.168.100.24-9618+[2001-67c-1148-301--222]-9618&alias=tds222.pic.es&noUDP&sock=startd_3183628_956a>
...
006 (6630775.000.000) 2022-07-08 14:48:22 Image size of job updated: 987836
	12  -  MemoryUsage of job (MB)
	11280  -  ResidentSetSize of job (KB)
...
006 (6630775.000.000) 2022-07-08 14:53:22 Image size of job updated: 4668324
	12  -  MemoryUsage of job (MB)
	11280  -  ResidentSetSize of job (KB)
...
006 (6630775.000.000) 2022-07-08 14:58:23 Image size of job updated: 4668324
	220  -  MemoryUsage of job (MB)
	224500  -  ResidentSetSize of job (KB)
...
040 (6630775.000.000) 2022-07-08 15:01:07 Started transferring output files
...
040 (6630775.000.000) 2022-07-08 15:01:07 Finished transferring output files
...
005 (6630775.000.000) 2022-07-08 15:01:07 Job terminated.
	(1) Normal termination (return value 0)
		Usr 0 00:07:16, Sys 0 00:01:49  -  Run Remote Usage
		Usr 0 00:00:00, Sys 0 00:00:00  -  Run Local Usage
		Usr 0 00:07:16, Sys 0 00:01:49  -  Total Remote Usage
		Usr 0 00:00:00, Sys 0 00:00:00  -  Total Local Usage
	83  -  Run Bytes Sent By Job
	0  -  Run Bytes Received By Job
	83  -  Total Bytes Sent By Job
	0  -  Total Bytes Received By Job
	Partitionable Resources :      Usage  Request Allocated 
	   Cpus                 :       0.36        1         1 
	   Disk (KB)            : 4162290    15728640  16126289 
	   Memory (MB)          :     220        2048      2048 

	Job terminated of its own accord at 2022-07-08T13:01:07Z.
...
