000 (7008709.000.000) 2022-11-15 23:21:40 Job submitted from host: <193.109.174.82:9618?addrs=193.109.174.82-9618&alias=submit01.pic.es&noUDP&sock=schedd_3366225_f019>
...
040 (7008709.000.000) 2022-11-15 23:22:06 Finished transferring input files
...
001 (7008709.000.000) 2022-11-15 23:22:06 Job executing on host: <192.168.100.29:9618?addrs=192.168.100.29-9618+[2001-67c-1148-301--227]-9618&alias=tds227.pic.es&noUDP&sock=startd_2267_8d4a>
...
006 (7008709.000.000) 2022-11-15 23:22:15 Image size of job updated: 1351444
	713  -  MemoryUsage of job (MB)
	729524  -  ResidentSetSize of job (KB)
...
006 (7008709.000.000) 2022-11-15 23:23:03 Image size of job updated: 5242200
	713  -  MemoryUsage of job (MB)
	729940  -  ResidentSetSize of job (KB)
...
040 (7008709.000.000) 2022-11-15 23:23:03 Started transferring output files
...
040 (7008709.000.000) 2022-11-15 23:23:03 Finished transferring output files
...
005 (7008709.000.000) 2022-11-15 23:23:03 Job terminated.
	(1) Normal termination (return value 0)
		Usr 0 00:00:02, Sys 0 00:00:07  -  Run Remote Usage
		Usr 0 00:00:00, Sys 0 00:00:00  -  Run Local Usage
		Usr 0 00:00:02, Sys 0 00:00:07  -  Total Remote Usage
		Usr 0 00:00:00, Sys 0 00:00:00  -  Total Local Usage
	5480  -  Run Bytes Sent By Job
	0  -  Run Bytes Received By Job
	5480  -  Total Bytes Sent By Job
	0  -  Total Bytes Received By Job
	Partitionable Resources :    Usage  Request Allocated 
	   Cpus                 :     0.17        1         1 
	   Disk (KB)            :    25    15728640  16118270 
	   Memory (MB)          :   713        2048      2048 

	Job terminated of its own accord at 2022-11-15T22:23:03Z.
...
000 (7016922.000.000) 2022-11-16 10:01:25 Job submitted from host: <193.109.174.82:9618?addrs=193.109.174.82-9618&alias=submit01.pic.es&noUDP&sock=schedd_3366225_f019>
...
040 (7016922.000.000) 2022-11-16 10:01:32 Finished transferring input files
...
001 (7016922.000.000) 2022-11-16 10:01:32 Job executing on host: <192.168.100.21:9618?addrs=192.168.100.21-9618+[2001-67c-1148-301--219]-9618&alias=tds219.pic.es&noUDP&sock=startd_2246_25cd>
...
006 (7016922.000.000) 2022-11-16 10:01:35 Image size of job updated: 45000
	0  -  MemoryUsage of job (MB)
	0  -  ResidentSetSize of job (KB)
...
040 (7016922.000.000) 2022-11-16 10:01:35 Started transferring output files
...
040 (7016922.000.000) 2022-11-16 10:01:35 Finished transferring output files
...
005 (7016922.000.000) 2022-11-16 10:01:35 Job terminated.
	(1) Normal termination (return value 1)
		Usr 0 00:00:01, Sys 0 00:00:00  -  Run Remote Usage
		Usr 0 00:00:00, Sys 0 00:00:00  -  Run Local Usage
		Usr 0 00:00:01, Sys 0 00:00:00  -  Total Remote Usage
		Usr 0 00:00:00, Sys 0 00:00:00  -  Total Local Usage
	5469  -  Run Bytes Sent By Job
	0  -  Run Bytes Received By Job
	5469  -  Total Bytes Sent By Job
	0  -  Total Bytes Received By Job
	Partitionable Resources :    Usage  Request Allocated 
	   Cpus                 :                 1         1 
	   Disk (KB)            :       19 15728640  16067290 
	   Memory (MB)          :        0     2048      2048 

	Job terminated of its own accord at 2022-11-16T09:01:35Z.
...
000 (7016926.000.000) 2022-11-16 10:17:20 Job submitted from host: <193.109.174.82:9618?addrs=193.109.174.82-9618&alias=submit01.pic.es&noUDP&sock=schedd_3366225_f019>
...
040 (7016926.000.000) 2022-11-16 10:17:35 Finished transferring input files
...
001 (7016926.000.000) 2022-11-16 10:17:36 Job executing on host: <192.168.100.17:9618?addrs=192.168.100.17-9618+[2001-67c-1148-301--215]-9618&alias=tds215.pic.es&noUDP&sock=startd_2178_815c>
...
006 (7016926.000.000) 2022-11-16 10:17:40 Image size of job updated: 45000
	0  -  MemoryUsage of job (MB)
	0  -  ResidentSetSize of job (KB)
...
040 (7016926.000.000) 2022-11-16 10:17:40 Started transferring output files
...
040 (7016926.000.000) 2022-11-16 10:17:40 Finished transferring output files
...
005 (7016926.000.000) 2022-11-16 10:17:40 Job terminated.
	(1) Normal termination (return value 1)
		Usr 0 00:00:01, Sys 0 00:00:00  -  Run Remote Usage
		Usr 0 00:00:00, Sys 0 00:00:00  -  Run Local Usage
		Usr 0 00:00:01, Sys 0 00:00:00  -  Total Remote Usage
		Usr 0 00:00:00, Sys 0 00:00:00  -  Total Local Usage
	5657  -  Run Bytes Sent By Job
	0  -  Run Bytes Received By Job
	5657  -  Total Bytes Sent By Job
	0  -  Total Bytes Received By Job
	Partitionable Resources :    Usage  Request Allocated 
	   Cpus                 :                 1         1 
	   Disk (KB)            :       19 15728640  15940438 
	   Memory (MB)          :        0     2048      2048 

	Job terminated of its own accord at 2022-11-16T09:17:40Z.
...
000 (7016976.000.000) 2022-11-16 13:29:47 Job submitted from host: <193.109.174.82:9618?addrs=193.109.174.82-9618&alias=submit01.pic.es&noUDP&sock=schedd_3366225_f019>
...
040 (7016976.000.000) 2022-11-16 13:30:10 Finished transferring input files
...
001 (7016976.000.000) 2022-11-16 13:30:10 Job executing on host: <192.168.102.26:9618?addrs=192.168.102.26-9618+[2001-67c-1148-301--816]-9618&alias=td816.pic.es&noUDP&sock=startd_3397_a34f>
...
006 (7016976.000.000) 2022-11-16 13:30:14 Image size of job updated: 45000
	0  -  MemoryUsage of job (MB)
	0  -  ResidentSetSize of job (KB)
...
040 (7016976.000.000) 2022-11-16 13:30:14 Started transferring output files
...
040 (7016976.000.000) 2022-11-16 13:30:14 Finished transferring output files
...
005 (7016976.000.000) 2022-11-16 13:30:14 Job terminated.
	(1) Normal termination (return value 1)
		Usr 0 00:00:01, Sys 0 00:00:00  -  Run Remote Usage
		Usr 0 00:00:00, Sys 0 00:00:00  -  Run Local Usage
		Usr 0 00:00:01, Sys 0 00:00:00  -  Total Remote Usage
		Usr 0 00:00:00, Sys 0 00:00:00  -  Total Local Usage
	5657  -  Run Bytes Sent By Job
	0  -  Run Bytes Received By Job
	5657  -  Total Bytes Sent By Job
	0  -  Total Bytes Received By Job
	Partitionable Resources :    Usage  Request Allocated 
	   Cpus                 :                 1         1 
	   Disk (KB)            :       19 15728640  19680013 
	   Memory (MB)          :        0     2048      2048 

	Job terminated of its own accord at 2022-11-16T12:30:14Z.
...
000 (7048215.000.000) 2022-11-17 10:35:55 Job submitted from host: <193.109.174.82:9618?addrs=193.109.174.82-9618&alias=submit01.pic.es&noUDP&sock=schedd_3366225_f019>
...
040 (7048215.000.000) 2022-11-17 10:36:11 Finished transferring input files
...
001 (7048215.000.000) 2022-11-17 10:36:11 Job executing on host: <192.168.102.31:9618?addrs=192.168.102.31-9618+[2001-67c-1148-301--821]-9618&alias=td821.pic.es&noUDP&sock=startd_3520_0175>
...
006 (7048215.000.000) 2022-11-17 10:36:14 Image size of job updated: 45000
	0  -  MemoryUsage of job (MB)
	0  -  ResidentSetSize of job (KB)
...
040 (7048215.000.000) 2022-11-17 10:36:14 Started transferring output files
...
040 (7048215.000.000) 2022-11-17 10:36:14 Finished transferring output files
...
005 (7048215.000.000) 2022-11-17 10:36:14 Job terminated.
	(1) Normal termination (return value 1)
		Usr 0 00:00:01, Sys 0 00:00:00  -  Run Remote Usage
		Usr 0 00:00:00, Sys 0 00:00:00  -  Run Local Usage
		Usr 0 00:00:01, Sys 0 00:00:00  -  Total Remote Usage
		Usr 0 00:00:00, Sys 0 00:00:00  -  Total Local Usage
	5657  -  Run Bytes Sent By Job
	0  -  Run Bytes Received By Job
	5657  -  Total Bytes Sent By Job
	0  -  Total Bytes Received By Job
	Partitionable Resources :    Usage  Request Allocated 
	   Cpus                 :                 1         1 
	   Disk (KB)            :       19 15728640  19667404 
	   Memory (MB)          :        0     2048      2048 

	Job terminated of its own accord at 2022-11-17T09:36:14Z.
...
000 (7069000.000.000) 2022-11-18 20:02:32 Job submitted from host: <193.109.174.82:9618?addrs=193.109.174.82-9618&alias=submit01.pic.es&noUDP&sock=schedd_3366225_f019>
...
040 (7069000.000.000) 2022-11-18 21:12:14 Finished transferring input files
...
001 (7069000.000.000) 2022-11-18 21:12:14 Job executing on host: <192.168.102.31:9618?addrs=192.168.102.31-9618+[2001-67c-1148-301--821]-9618&alias=td821.pic.es&noUDP&sock=startd_3520_0175>
...
006 (7069000.000.000) 2022-11-18 21:12:23 Image size of job updated: 1292388
	1258  -  MemoryUsage of job (MB)
	1287508  -  ResidentSetSize of job (KB)
...
006 (7069000.000.000) 2022-11-18 21:12:47 Image size of job updated: 5051788
	1260  -  MemoryUsage of job (MB)
	1289412  -  ResidentSetSize of job (KB)
...
040 (7069000.000.000) 2022-11-18 21:12:47 Started transferring output files
...
040 (7069000.000.000) 2022-11-18 21:12:47 Finished transferring output files
...
005 (7069000.000.000) 2022-11-18 21:12:47 Job terminated.
	(1) Normal termination (return value 0)
		Usr 0 00:00:02, Sys 0 00:00:05  -  Run Remote Usage
		Usr 0 00:00:00, Sys 0 00:00:00  -  Run Local Usage
		Usr 0 00:00:02, Sys 0 00:00:05  -  Total Remote Usage
		Usr 0 00:00:00, Sys 0 00:00:00  -  Total Local Usage
	5668  -  Run Bytes Sent By Job
	0  -  Run Bytes Received By Job
	5668  -  Total Bytes Sent By Job
	0  -  Total Bytes Received By Job
	Partitionable Resources :    Usage  Request Allocated 
	   Cpus                 :                 1         1 
	   Disk (KB)            :       19 15728640  19667404 
	   Memory (MB)          :     1260     2048      2048 

	Job terminated of its own accord at 2022-11-18T20:12:47Z.
...
