000 (6783279.000.000) 2022-10-13 09:10:42 Job submitted from host: <193.109.174.82:9618?addrs=193.109.174.82-9618&alias=submit01.pic.es&noUDP&sock=schedd_2416874_1d92>
...
040 (6783279.000.000) 2022-10-13 09:10:49 Finished transferring input files
...
001 (6783279.000.000) 2022-10-13 09:10:49 Job executing on host: <192.168.100.215:9618?addrs=192.168.100.215-9618+[2001-67c-1148-301--115]-9618&alias=td115.pic.es&noUDP&sock=startd_1840280_972e>
...
006 (6783279.000.000) 2022-10-13 09:10:58 Image size of job updated: 988244
	11  -  MemoryUsage of job (MB)
	11264  -  ResidentSetSize of job (KB)
...
006 (6783279.000.000) 2022-10-13 09:15:46 Image size of job updated: 4665084
	11  -  MemoryUsage of job (MB)
	11264  -  ResidentSetSize of job (KB)
...
040 (6783279.000.000) 2022-10-13 09:15:46 Started transferring output files
...
040 (6783279.000.000) 2022-10-13 09:15:46 Finished transferring output files
...
005 (6783279.000.000) 2022-10-13 09:15:46 Job terminated.
	(1) Normal termination (return value 0)
		Usr 0 00:02:22, Sys 0 00:00:50  -  Run Remote Usage
		Usr 0 00:00:00, Sys 0 00:00:00  -  Run Local Usage
		Usr 0 00:02:22, Sys 0 00:00:50  -  Total Remote Usage
		Usr 0 00:00:00, Sys 0 00:00:00  -  Total Local Usage
	83  -  Run Bytes Sent By Job
	0  -  Run Bytes Received By Job
	83  -  Total Bytes Sent By Job
	0  -  Total Bytes Received By Job
	Partitionable Resources :     Usage  Request Allocated 
	   Cpus                 :      0.03        1         1 
	   Disk (KB)            : 724006    15728640  16734623 
	   Memory (MB)          :     11        2048      2048 

	Job terminated of its own accord at 2022-10-13T07:15:46Z.
...
