000 (4447484.000.000) 07/22 20:02:40 Job submitted from host: <193.109.174.82:9618?addrs=193.109.174.82-9618&noUDP&sock=2519617_4489_3>
...
001 (4447484.000.000) 07/22 20:03:15 Job executing on host: <192.168.100.134:9618?addrs=192.168.100.134-9618+[2001-67c-1148-301--50]-9618&noUDP&sock=2208_1533_3>
...
006 (4447484.000.000) 07/22 20:03:24 Image size of job updated: 37500
	18  -  MemoryUsage of job (MB)
	18100  -  ResidentSetSize of job (KB)
...
006 (4447484.000.000) 07/22 20:08:10 Image size of job updated: 4692252
	19  -  MemoryUsage of job (MB)
	18680  -  ResidentSetSize of job (KB)
...
005 (4447484.000.000) 07/22 20:08:10 Job terminated.
	(1) Normal termination (return value 0)
		Usr 0 00:01:50, Sys 0 00:00:56  -  Run Remote Usage
		Usr 0 00:00:00, Sys 0 00:00:00  -  Run Local Usage
		Usr 0 00:01:50, Sys 0 00:00:56  -  Total Remote Usage
		Usr 0 00:00:00, Sys 0 00:00:00  -  Total Local Usage
	70  -  Run Bytes Sent By Job
	0  -  Run Bytes Received By Job
	70  -  Total Bytes Sent By Job
	0  -  Total Bytes Received By Job
	Partitionable Resources :     Usage  Request Allocated 
	   Cpus                 :      0.02        1         1 
	   Disk (KB)            : 851377    15728640  16822095 
	   Memory (MB)          :     19        2048      2048 
...
