000 (6589058.000.000) 2022-06-07 13:17:40 Job submitted from host: <193.109.174.82:9618?addrs=193.109.174.82-9618&alias=submit01.pic.es&noUDP&sock=schedd_1572962_ad57>
...
040 (6589058.000.000) 2022-06-07 13:18:03 Finished transferring input files
...
001 (6589058.000.000) 2022-06-07 13:18:03 Job executing on host: <192.168.100.69:9618?addrs=192.168.100.69-9618+[2001-67c-1148-301--267]-9618&alias=tds267.pic.es&noUDP&sock=startd_761195_08f5>
...
006 (6589058.000.000) 2022-06-07 13:18:12 Image size of job updated: 37500
	12  -  MemoryUsage of job (MB)
	11284  -  ResidentSetSize of job (KB)
...
006 (6589058.000.000) 2022-06-07 13:23:14 Image size of job updated: 6292720
	211  -  MemoryUsage of job (MB)
	215260  -  ResidentSetSize of job (KB)
...
006 (6589058.000.000) 2022-06-07 13:28:15 Image size of job updated: 6292720
	234  -  MemoryUsage of job (MB)
	238660  -  ResidentSetSize of job (KB)
...
006 (6589058.000.000) 2022-06-07 13:38:17 Image size of job updated: 6292720
	443  -  MemoryUsage of job (MB)
	452632  -  ResidentSetSize of job (KB)
...
040 (6589058.000.000) 2022-06-07 15:31:25 Started transferring output files
...
040 (6589058.000.000) 2022-06-07 15:31:25 Finished transferring output files
...
005 (6589058.000.000) 2022-06-07 15:31:25 Job terminated.
	(1) Normal termination (return value 1)
		Usr 0 01:37:17, Sys 0 00:10:40  -  Run Remote Usage
		Usr 0 00:00:00, Sys 0 00:00:00  -  Run Local Usage
		Usr 0 01:37:17, Sys 0 00:10:40  -  Total Remote Usage
		Usr 0 00:00:00, Sys 0 00:00:00  -  Total Local Usage
	83  -  Run Bytes Sent By Job
	0  -  Run Bytes Received By Job
	83  -  Total Bytes Sent By Job
	0  -  Total Bytes Received By Job
	Partitionable Resources :      Usage  Request Allocated 
	   Cpus                 :       0.00        1         1 
	   Disk (KB)            : 5352578    15728640  21363005 
	   Memory (MB)          :     443        2048      2048 

	Job terminated of its own accord at 2022-06-07T13:31:25Z.
...
000 (6612600.000.000) 2022-06-21 02:56:55 Job submitted from host: <193.109.174.82:9618?addrs=193.109.174.82-9618&alias=submit01.pic.es&noUDP&sock=schedd_1572962_ad57>
...
040 (6612600.000.000) 2022-06-21 02:57:12 Finished transferring input files
...
001 (6612600.000.000) 2022-06-21 02:57:12 Job executing on host: <192.168.102.32:9618?addrs=192.168.102.32-9618+[2001-67c-1148-301--822]-9618&alias=td822.pic.es&noUDP&sock=startd_441878_21f4>
...
006 (6612600.000.000) 2022-06-21 02:57:21 Image size of job updated: 37500
	12  -  MemoryUsage of job (MB)
	11280  -  ResidentSetSize of job (KB)
...
006 (6612600.000.000) 2022-06-21 03:02:22 Image size of job updated: 11172996
	15  -  MemoryUsage of job (MB)
	14456  -  ResidentSetSize of job (KB)
...
006 (6612600.000.000) 2022-06-21 03:07:21 Image size of job updated: 11172996
	418  -  MemoryUsage of job (MB)
	427928  -  ResidentSetSize of job (KB)
...
040 (6612600.000.000) 2022-06-21 03:42:07 Started transferring output files
...
040 (6612600.000.000) 2022-06-21 03:42:08 Finished transferring output files
...
005 (6612600.000.000) 2022-06-21 03:42:08 Job terminated.
	(1) Normal termination (return value 1)
		Usr 0 00:38:44, Sys 0 00:05:01  -  Run Remote Usage
		Usr 0 00:00:00, Sys 0 00:00:00  -  Run Local Usage
		Usr 0 00:38:44, Sys 0 00:05:01  -  Total Remote Usage
		Usr 0 00:00:00, Sys 0 00:00:00  -  Total Local Usage
	83  -  Run Bytes Sent By Job
	0  -  Run Bytes Received By Job
	83  -  Total Bytes Sent By Job
	0  -  Total Bytes Received By Job
	Partitionable Resources :      Usage  Request Allocated 
	   Cpus                 :       1.01        1         1 
	   Disk (KB)            : 5316196    15728640  19670623 
	   Memory (MB)          :     418        2048      2048 

	Job terminated of its own accord at 2022-06-21T01:42:07Z.
...
000 (6613200.000.000) 2022-06-23 14:24:20 Job submitted from host: <193.109.174.82:9618?addrs=193.109.174.82-9618&alias=submit01.pic.es&noUDP&sock=schedd_1572962_ad57>
...
040 (6613200.000.000) 2022-06-23 14:24:37 Finished transferring input files
...
001 (6613200.000.000) 2022-06-23 14:24:37 Job executing on host: <192.168.100.226:9618?addrs=192.168.100.226-9618+[2001-67c-1148-301--126]-9618&alias=td126.pic.es&noUDP&sock=startd_3993233_460a>
...
006 (6613200.000.000) 2022-06-23 14:24:46 Image size of job updated: 987836
	12  -  MemoryUsage of job (MB)
	11296  -  ResidentSetSize of job (KB)
...
006 (6613200.000.000) 2022-06-23 14:29:48 Image size of job updated: 4537940
	13  -  MemoryUsage of job (MB)
	12640  -  ResidentSetSize of job (KB)
...
006 (6613200.000.000) 2022-06-23 14:34:49 Image size of job updated: 4537940
	440  -  MemoryUsage of job (MB)
	449812  -  ResidentSetSize of job (KB)
...
040 (6613200.000.000) 2022-06-23 15:13:46 Started transferring output files
...
040 (6613200.000.000) 2022-06-23 15:13:46 Finished transferring output files
...
005 (6613200.000.000) 2022-06-23 15:13:46 Job terminated.
	(1) Normal termination (return value 1)
		Usr 0 00:43:37, Sys 0 00:05:13  -  Run Remote Usage
		Usr 0 00:00:00, Sys 0 00:00:00  -  Run Local Usage
		Usr 0 00:43:37, Sys 0 00:05:13  -  Total Remote Usage
		Usr 0 00:00:00, Sys 0 00:00:00  -  Total Local Usage
	83  -  Run Bytes Sent By Job
	0  -  Run Bytes Received By Job
	83  -  Total Bytes Sent By Job
	0  -  Total Bytes Received By Job
	Partitionable Resources :      Usage  Request Allocated 
	   Cpus                 :       1.00        1         1 
	   Disk (KB)            : 5166510    15728640  16629748 
	   Memory (MB)          :     440        2048      2048 

	Job terminated of its own accord at 2022-06-23T13:13:46Z.
...
000 (6619353.000.000) 2022-06-24 20:32:04 Job submitted from host: <193.109.174.82:9618?addrs=193.109.174.82-9618&alias=submit01.pic.es&noUDP&sock=schedd_1572962_ad57>
...
040 (6619353.000.000) 2022-06-24 20:32:31 Finished transferring input files
...
001 (6619353.000.000) 2022-06-24 20:32:31 Job executing on host: <192.168.100.211:9618?addrs=192.168.100.211-9618+[2001-67c-1148-301--111]-9618&alias=td111.pic.es&noUDP&sock=startd_3387876_b919>
...
006 (6619353.000.000) 2022-06-24 20:32:39 Image size of job updated: 987836
	12  -  MemoryUsage of job (MB)
	11280  -  ResidentSetSize of job (KB)
...
006 (6619353.000.000) 2022-06-24 20:37:41 Image size of job updated: 4806796
	293  -  MemoryUsage of job (MB)
	299928  -  ResidentSetSize of job (KB)
...
006 (6619353.000.000) 2022-06-24 20:42:40 Image size of job updated: 4806796
	321  -  MemoryUsage of job (MB)
	328452  -  ResidentSetSize of job (KB)
...
006 (6619353.000.000) 2022-06-24 21:12:44 Image size of job updated: 4806796
	383  -  MemoryUsage of job (MB)
	392064  -  ResidentSetSize of job (KB)
...
006 (6619353.000.000) 2022-06-24 21:17:45 Image size of job updated: 4806796
	405  -  MemoryUsage of job (MB)
	414568  -  ResidentSetSize of job (KB)
...
040 (6619353.000.000) 2022-06-24 21:19:06 Started transferring output files
...
040 (6619353.000.000) 2022-06-24 21:19:06 Finished transferring output files
...
005 (6619353.000.000) 2022-06-24 21:19:06 Job terminated.
	(1) Normal termination (return value 1)
		Usr 0 00:38:13, Sys 0 00:05:35  -  Run Remote Usage
		Usr 0 00:00:00, Sys 0 00:00:00  -  Run Local Usage
		Usr 0 00:38:13, Sys 0 00:05:35  -  Total Remote Usage
		Usr 0 00:00:00, Sys 0 00:00:00  -  Total Local Usage
	83  -  Run Bytes Sent By Job
	0  -  Run Bytes Received By Job
	83  -  Total Bytes Sent By Job
	0  -  Total Bytes Received By Job
	Partitionable Resources :      Usage  Request Allocated 
	   Cpus                 :       0.89        1         1 
	   Disk (KB)            : 5084333    15728640  16776761 
	   Memory (MB)          :     405        2048      2048 

	Job terminated of its own accord at 2022-06-24T19:19:06Z.
...
000 (6619931.000.000) 2022-06-27 13:38:15 Job submitted from host: <193.109.174.82:9618?addrs=193.109.174.82-9618&alias=submit01.pic.es&noUDP&sock=schedd_1572962_ad57>
...
040 (6619931.000.000) 2022-06-27 13:38:40 Finished transferring input files
...
001 (6619931.000.000) 2022-06-27 13:38:40 Job executing on host: <192.168.100.72:9618?addrs=192.168.100.72-9618+[2001-67c-1148-301--270]-9618&alias=tds270.pic.es&noUDP&sock=startd_1350174_a3cb>
...
006 (6619931.000.000) 2022-06-27 13:38:48 Image size of job updated: 37500
	11  -  MemoryUsage of job (MB)
	11256  -  ResidentSetSize of job (KB)
...
006 (6619931.000.000) 2022-06-27 13:43:49 Image size of job updated: 6357892
	12  -  MemoryUsage of job (MB)
	11268  -  ResidentSetSize of job (KB)
...
006 (6619931.000.000) 2022-06-27 13:48:50 Image size of job updated: 6357892
	400  -  MemoryUsage of job (MB)
	409572  -  ResidentSetSize of job (KB)
...
006 (6619931.000.000) 2022-06-27 13:54:35 Image size of job updated: 6357892
	427  -  MemoryUsage of job (MB)
	436808  -  ResidentSetSize of job (KB)
...
006 (6619931.000.000) 2022-06-27 15:19:04 Image size of job updated: 6357892
	671  -  MemoryUsage of job (MB)
	686828  -  ResidentSetSize of job (KB)
...
040 (6619931.000.000) 2022-06-27 15:45:50 Started transferring output files
...
040 (6619931.000.000) 2022-06-27 15:45:50 Finished transferring output files
...
005 (6619931.000.000) 2022-06-27 15:45:50 Job terminated.
	(1) Normal termination (return value 1)
		Usr 0 01:37:37, Sys 0 00:11:49  -  Run Remote Usage
		Usr 0 00:00:00, Sys 0 00:00:00  -  Run Local Usage
		Usr 0 01:37:37, Sys 0 00:11:49  -  Total Remote Usage
		Usr 0 00:00:00, Sys 0 00:00:00  -  Total Local Usage
	83  -  Run Bytes Sent By Job
	0  -  Run Bytes Received By Job
	83  -  Total Bytes Sent By Job
	0  -  Total Bytes Received By Job
	Partitionable Resources :      Usage  Request Allocated 
	   Cpus                 :       0.99        1         1 
	   Disk (KB)            : 5494288    15728640  21294102 
	   Memory (MB)          :     671        2048      2048 

	Job terminated of its own accord at 2022-06-27T13:45:50Z.
...
000 (6620958.000.000) 2022-06-28 19:20:16 Job submitted from host: <193.109.174.82:9618?addrs=193.109.174.82-9618&alias=submit01.pic.es&noUDP&sock=schedd_1572962_ad57>
...
040 (6620958.000.000) 2022-06-28 19:20:22 Finished transferring input files
...
001 (6620958.000.000) 2022-06-28 19:20:22 Job executing on host: <192.168.100.158:9618?addrs=192.168.100.158-9618+[2001-67c-1148-301--708]-9618&alias=td708.pic.es&noUDP&sock=startd_3906770_d8e7>
...
006 (6620958.000.000) 2022-06-28 19:20:30 Image size of job updated: 37500
	12  -  MemoryUsage of job (MB)
	11284  -  ResidentSetSize of job (KB)
...
006 (6620958.000.000) 2022-06-28 19:25:41 Image size of job updated: 4605628
	13  -  MemoryUsage of job (MB)
	12664  -  ResidentSetSize of job (KB)
...
006 (6620958.000.000) 2022-06-28 19:35:32 Image size of job updated: 4605628
	189  -  MemoryUsage of job (MB)
	193240  -  ResidentSetSize of job (KB)
...
006 (6620958.000.000) 2022-06-28 19:40:34 Image size of job updated: 4605628
	214  -  MemoryUsage of job (MB)
	218860  -  ResidentSetSize of job (KB)
...
006 (6620958.000.000) 2022-06-28 19:50:35 Image size of job updated: 4605628
	235  -  MemoryUsage of job (MB)
	240164  -  ResidentSetSize of job (KB)
...
006 (6620958.000.000) 2022-06-28 19:55:47 Image size of job updated: 4605628
	257  -  MemoryUsage of job (MB)
	263000  -  ResidentSetSize of job (KB)
...
006 (6620958.000.000) 2022-06-28 20:00:35 Image size of job updated: 4605628
	489  -  MemoryUsage of job (MB)
	499788  -  ResidentSetSize of job (KB)
...
006 (6620958.000.000) 2022-06-28 20:05:35 Image size of job updated: 4605628
	507  -  MemoryUsage of job (MB)
	519064  -  ResidentSetSize of job (KB)
...
040 (6620958.000.000) 2022-06-28 21:40:22 Started transferring output files
...
040 (6620958.000.000) 2022-06-28 21:40:22 Finished transferring output files
...
004 (6620958.000.000) 2022-06-28 21:40:22 Job was evicted.
	(0) CPU times
		Usr 0 01:44:31, Sys 0 00:13:12  -  Run Remote Usage
		Usr 0 00:00:00, Sys 0 00:00:00  -  Run Local Usage
	83  -  Run Bytes Sent By Job
	0  -  Run Bytes Received By Job
	Partitionable Resources :      Usage  Request Allocated 
	   Cpus                 :       0.81        1         1 
	   Disk (KB)            : 5073812    15728640  16208739 
	   Memory (MB)          :     507        2048      2048 
...
009 (6620958.000.000) 2022-06-28 21:40:22 Job was aborted.
	via condor_rm (by user rgomez)
...
