000 (5903196.000.000) 2022-02-25 17:51:29 Job submitted from host: <193.109.174.82:9618?addrs=193.109.174.82-9618&alias=submit01.pic.es&noUDP&sock=schedd_1007576_e86c>
...
009 (5903196.000.000) 2022-02-25 17:52:06 Job was aborted.
	via condor_rm (by user rgomez)
...
000 (5903197.000.000) 2022-02-25 17:53:09 Job submitted from host: <193.109.174.82:9618?addrs=193.109.174.82-9618&alias=submit01.pic.es&noUDP&sock=schedd_1007576_e86c>
...
009 (5903197.000.000) 2022-02-25 17:55:09 Job was aborted.
	via condor_rm (by user rgomez)
...
000 (6035257.000.000) 2022-03-18 17:47:17 Job submitted from host: <193.109.174.82:9618?addrs=193.109.174.82-9618&alias=submit01.pic.es&noUDP&sock=schedd_4013739_af19>
...
040 (6035257.000.000) 2022-03-18 17:47:28 Finished transferring input files
...
001 (6035257.000.000) 2022-03-18 17:47:28 Job executing on host: <192.168.100.17:9618?addrs=192.168.100.17-9618+[2001-67c-1148-301--215]-9618&alias=tds215.pic.es&noUDP&sock=startd_421710_8fe8>
...
006 (6035257.000.000) 2022-03-18 17:47:36 Image size of job updated: 987836
	355  -  MemoryUsage of job (MB)
	363428  -  ResidentSetSize of job (KB)
...
006 (6035257.000.000) 2022-03-18 17:47:44 Image size of job updated: 987836
	356  -  MemoryUsage of job (MB)
	364136  -  ResidentSetSize of job (KB)
...
040 (6035257.000.000) 2022-03-18 17:47:44 Started transferring output files
...
040 (6035257.000.000) 2022-03-18 17:47:44 Finished transferring output files
...
005 (6035257.000.000) 2022-03-18 17:47:44 Job terminated.
	(1) Normal termination (return value 0)
		Usr 0 00:00:14, Sys 0 00:00:08  -  Run Remote Usage
		Usr 0 00:00:00, Sys 0 00:00:00  -  Run Local Usage
		Usr 0 00:00:14, Sys 0 00:00:08  -  Total Remote Usage
		Usr 0 00:00:00, Sys 0 00:00:00  -  Total Local Usage
	83  -  Run Bytes Sent By Job
	0  -  Run Bytes Received By Job
	83  -  Total Bytes Sent By Job
	0  -  Total Bytes Received By Job
	Partitionable Resources :    Usage  Request Allocated 
	   Cpus                 :                 1         1 
	   Disk (KB)            :  1061630 15728640  16001474 
	   Memory (MB)          :      356     2048      2048 

	Job terminated of its own accord at 2022-03-18T16:47:44Z.
...
000 (6047165.000.000) 2022-03-21 13:34:40 Job submitted from host: <193.109.174.82:9618?addrs=193.109.174.82-9618&alias=submit01.pic.es&noUDP&sock=schedd_4013739_af19>
...
040 (6047165.000.000) 2022-03-21 13:35:00 Finished transferring input files
...
001 (6047165.000.000) 2022-03-21 13:35:00 Job executing on host: <192.168.100.17:9618?addrs=192.168.100.17-9618+[2001-67c-1148-301--215]-9618&alias=tds215.pic.es&noUDP&sock=startd_421710_8fe8>
...
006 (6047165.000.000) 2022-03-21 13:35:09 Image size of job updated: 922300
	97  -  MemoryUsage of job (MB)
	99240  -  ResidentSetSize of job (KB)
...
006 (6047165.000.000) 2022-03-21 13:35:24 Image size of job updated: 922300
	102  -  MemoryUsage of job (MB)
	104092  -  ResidentSetSize of job (KB)
...
040 (6047165.000.000) 2022-03-21 13:35:24 Started transferring output files
...
040 (6047165.000.000) 2022-03-21 13:35:24 Finished transferring output files
...
005 (6047165.000.000) 2022-03-21 13:35:24 Job terminated.
	(1) Normal termination (return value 0)
		Usr 0 00:00:14, Sys 0 00:00:09  -  Run Remote Usage
		Usr 0 00:00:00, Sys 0 00:00:00  -  Run Local Usage
		Usr 0 00:00:14, Sys 0 00:00:09  -  Total Remote Usage
		Usr 0 00:00:00, Sys 0 00:00:00  -  Total Local Usage
	83  -  Run Bytes Sent By Job
	0  -  Run Bytes Received By Job
	83  -  Total Bytes Sent By Job
	0  -  Total Bytes Received By Job
	Partitionable Resources :    Usage  Request Allocated 
	   Cpus                 :                 1         1 
	   Disk (KB)            :   904044 15728640  16001474 
	   Memory (MB)          :      102     2048      2048 

	Job terminated of its own accord at 2022-03-21T12:35:24Z.
...
000 (6077252.000.000) 2022-03-23 10:34:57 Job submitted from host: <193.109.174.82:9618?addrs=193.109.174.82-9618&alias=submit01.pic.es&noUDP&sock=schedd_4013739_af19>
...
040 (6077252.000.000) 2022-03-23 10:35:20 Finished transferring input files
...
001 (6077252.000.000) 2022-03-23 10:35:20 Job executing on host: <192.168.100.22:9618?addrs=192.168.100.22-9618+[2001-67c-1148-301--220]-9618&alias=tds220.pic.es&noUDP&sock=startd_1015877_b415>
...
006 (6077252.000.000) 2022-03-23 10:35:28 Image size of job updated: 922300
	23  -  MemoryUsage of job (MB)
	23104  -  ResidentSetSize of job (KB)
...
006 (6077252.000.000) 2022-03-23 10:35:53 Image size of job updated: 4554120
	23  -  MemoryUsage of job (MB)
	23456  -  ResidentSetSize of job (KB)
...
040 (6077252.000.000) 2022-03-23 10:35:53 Started transferring output files
...
040 (6077252.000.000) 2022-03-23 10:35:53 Finished transferring output files
...
005 (6077252.000.000) 2022-03-23 10:35:53 Job terminated.
	(1) Normal termination (return value 0)
		Usr 0 00:00:15, Sys 0 00:00:10  -  Run Remote Usage
		Usr 0 00:00:00, Sys 0 00:00:00  -  Run Local Usage
		Usr 0 00:00:15, Sys 0 00:00:10  -  Total Remote Usage
		Usr 0 00:00:00, Sys 0 00:00:00  -  Total Local Usage
	83  -  Run Bytes Sent By Job
	0  -  Run Bytes Received By Job
	83  -  Total Bytes Sent By Job
	0  -  Total Bytes Received By Job
	Partitionable Resources :    Usage  Request Allocated 
	   Cpus                 :                 1         1 
	   Disk (KB)            :   851370 15728640  16209399 
	   Memory (MB)          :       23     2048      2048 

	Job terminated of its own accord at 2022-03-23T09:35:53Z.
...
000 (6077886.000.000) 2022-03-23 11:44:39 Job submitted from host: <193.109.174.82:9618?addrs=193.109.174.82-9618&alias=submit01.pic.es&noUDP&sock=schedd_4013739_af19>
...
040 (6077886.000.000) 2022-03-23 11:44:50 Finished transferring input files
...
001 (6077886.000.000) 2022-03-23 11:44:51 Job executing on host: <192.168.100.30:9618?addrs=192.168.100.30-9618+[2001-67c-1148-301--228]-9618&alias=tds228.pic.es&noUDP&sock=startd_3327382_dee7>
...
006 (6077886.000.000) 2022-03-23 11:44:59 Image size of job updated: 987836
	11  -  MemoryUsage of job (MB)
	10904  -  ResidentSetSize of job (KB)
...
040 (6077886.000.000) 2022-03-23 11:45:14 Started transferring output files
...
040 (6077886.000.000) 2022-03-23 11:45:14 Finished transferring output files
...
005 (6077886.000.000) 2022-03-23 11:45:14 Job terminated.
	(1) Normal termination (return value 0)
		Usr 0 00:00:14, Sys 0 00:00:09  -  Run Remote Usage
		Usr 0 00:00:00, Sys 0 00:00:00  -  Run Local Usage
		Usr 0 00:00:14, Sys 0 00:00:09  -  Total Remote Usage
		Usr 0 00:00:00, Sys 0 00:00:00  -  Total Local Usage
	83  -  Run Bytes Sent By Job
	0  -  Run Bytes Received By Job
	83  -  Total Bytes Sent By Job
	0  -  Total Bytes Received By Job
	Partitionable Resources :    Usage  Request Allocated 
	   Cpus                 :                 1         1 
	   Disk (KB)            :   796126 15728640  15909218 
	   Memory (MB)          :       11     2048      2048 

	Job terminated of its own accord at 2022-03-23T10:45:14Z.
...
000 (6080897.000.000) 2022-03-24 10:29:11 Job submitted from host: <193.109.174.82:9618?addrs=193.109.174.82-9618&alias=submit01.pic.es&noUDP&sock=schedd_4013739_af19>
...
040 (6080897.000.000) 2022-03-24 10:29:47 Finished transferring input files
...
001 (6080897.000.000) 2022-03-24 10:29:47 Job executing on host: <192.168.100.5:9618?addrs=192.168.100.5-9618+[2001-67c-1148-301--203]-9618&alias=tds203.pic.es&noUDP&sock=startd_1739815_f4f5>
...
006 (6080897.000.000) 2022-03-24 10:29:55 Image size of job updated: 37500
	11  -  MemoryUsage of job (MB)
	10944  -  ResidentSetSize of job (KB)
...
006 (6080897.000.000) 2022-03-24 10:30:33 Image size of job updated: 4516004
	11  -  MemoryUsage of job (MB)
	10944  -  ResidentSetSize of job (KB)
...
040 (6080897.000.000) 2022-03-24 10:30:33 Started transferring output files
...
040 (6080897.000.000) 2022-03-24 10:30:33 Finished transferring output files
...
005 (6080897.000.000) 2022-03-24 10:30:33 Job terminated.
	(1) Normal termination (return value 0)
		Usr 0 00:00:15, Sys 0 00:00:10  -  Run Remote Usage
		Usr 0 00:00:00, Sys 0 00:00:00  -  Run Local Usage
		Usr 0 00:00:15, Sys 0 00:00:10  -  Total Remote Usage
		Usr 0 00:00:00, Sys 0 00:00:00  -  Total Local Usage
	83  -  Run Bytes Sent By Job
	0  -  Run Bytes Received By Job
	83  -  Total Bytes Sent By Job
	0  -  Total Bytes Received By Job
	Partitionable Resources :    Usage  Request Allocated 
	   Cpus                 :                 1         1 
	   Disk (KB)            :   420462 15728640  16030390 
	   Memory (MB)          :       11     2048      2048 

	Job terminated of its own accord at 2022-03-24T09:30:33Z.
...
000 (6181629.000.000) 2022-03-30 10:47:26 Job submitted from host: <193.109.174.82:9618?addrs=193.109.174.82-9618&alias=submit01.pic.es&noUDP&sock=schedd_4013739_af19>
...
040 (6181629.000.000) 2022-03-30 10:47:48 Finished transferring input files
...
001 (6181629.000.000) 2022-03-30 10:47:48 Job executing on host: <192.168.100.4:9618?addrs=192.168.100.4-9618+[2001-67c-1148-301--202]-9618&alias=tds202.pic.es&noUDP&sock=startd_2060975_0101>
...
006 (6181629.000.000) 2022-03-30 10:47:57 Image size of job updated: 987836
	12  -  MemoryUsage of job (MB)
	11288  -  ResidentSetSize of job (KB)
...
006 (6181629.000.000) 2022-03-30 10:48:21 Image size of job updated: 4664288
	12  -  MemoryUsage of job (MB)
	11288  -  ResidentSetSize of job (KB)
...
040 (6181629.000.000) 2022-03-30 10:48:21 Started transferring output files
...
040 (6181629.000.000) 2022-03-30 10:48:21 Finished transferring output files
...
005 (6181629.000.000) 2022-03-30 10:48:21 Job terminated.
	(1) Normal termination (return value 0)
		Usr 0 00:00:15, Sys 0 00:00:09  -  Run Remote Usage
		Usr 0 00:00:00, Sys 0 00:00:00  -  Run Local Usage
		Usr 0 00:00:15, Sys 0 00:00:09  -  Total Remote Usage
		Usr 0 00:00:00, Sys 0 00:00:00  -  Total Local Usage
	83  -  Run Bytes Sent By Job
	0  -  Run Bytes Received By Job
	83  -  Total Bytes Sent By Job
	0  -  Total Bytes Received By Job
	Partitionable Resources :    Usage  Request Allocated 
	   Cpus                 :                 1         1 
	   Disk (KB)            :   476334 15728640  16205715 
	   Memory (MB)          :       12     2048      2048 

	Job terminated of its own accord at 2022-03-30T08:48:21Z.
...
000 (6192813.000.000) 2022-04-07 18:22:20 Job submitted from host: <193.109.174.82:9618?addrs=193.109.174.82-9618&alias=submit01.pic.es&noUDP&sock=schedd_4013739_af19>
...
040 (6192813.000.000) 2022-04-07 18:22:27 Finished transferring input files
...
001 (6192813.000.000) 2022-04-07 18:22:27 Job executing on host: <192.168.100.9:9618?addrs=192.168.100.9-9618+[2001-67c-1148-301--207]-9618&alias=tds207.pic.es&noUDP&sock=startd_3119051_2208>
...
006 (6192813.000.000) 2022-04-07 18:22:36 Image size of job updated: 922300
	333  -  MemoryUsage of job (MB)
	340268  -  ResidentSetSize of job (KB)
...
006 (6192813.000.000) 2022-04-07 18:22:52 Image size of job updated: 4600836
	334  -  MemoryUsage of job (MB)
	341348  -  ResidentSetSize of job (KB)
...
040 (6192813.000.000) 2022-04-07 18:22:52 Started transferring output files
...
040 (6192813.000.000) 2022-04-07 18:22:52 Finished transferring output files
...
005 (6192813.000.000) 2022-04-07 18:22:52 Job terminated.
	(1) Normal termination (return value 0)
		Usr 0 00:00:14, Sys 0 00:00:09  -  Run Remote Usage
		Usr 0 00:00:00, Sys 0 00:00:00  -  Run Local Usage
		Usr 0 00:00:14, Sys 0 00:00:09  -  Total Remote Usage
		Usr 0 00:00:00, Sys 0 00:00:00  -  Total Local Usage
	83  -  Run Bytes Sent By Job
	0  -  Run Bytes Received By Job
	83  -  Total Bytes Sent By Job
	0  -  Total Bytes Received By Job
	Partitionable Resources :    Usage  Request Allocated 
	   Cpus                 :                 1         1 
	   Disk (KB)            :  1213930 15728640  16167202 
	   Memory (MB)          :      334     2048      2048 

	Job terminated of its own accord at 2022-04-07T16:22:52Z.
...
