000 (6630776.000.000) 2022-07-08 15:05:29 Job submitted from host: <193.109.174.82:9618?addrs=193.109.174.82-9618&alias=submit01.pic.es&noUDP&sock=schedd_1572962_ad57>
...
040 (6630776.000.000) 2022-07-08 15:06:12 Finished transferring input files
...
001 (6630776.000.000) 2022-07-08 15:06:12 Job executing on host: <192.168.100.27:9618?addrs=192.168.100.27-9618&alias=tds225.pic.es&noUDP&sock=startd_3975110_672b>
...
006 (6630776.000.000) 2022-07-08 15:06:21 Image size of job updated: 37500
	12  -  MemoryUsage of job (MB)
	11280  -  ResidentSetSize of job (KB)
...
006 (6630776.000.000) 2022-07-08 15:06:39 Image size of job updated: 987836
	12  -  MemoryUsage of job (MB)
	11280  -  ResidentSetSize of job (KB)
...
040 (6630776.000.000) 2022-07-08 15:06:39 Started transferring output files
...
040 (6630776.000.000) 2022-07-08 15:06:39 Finished transferring output files
...
005 (6630776.000.000) 2022-07-08 15:06:39 Job terminated.
	(1) Normal termination (return value 1)
		Usr 0 00:00:16, Sys 0 00:00:11  -  Run Remote Usage
		Usr 0 00:00:00, Sys 0 00:00:00  -  Run Local Usage
		Usr 0 00:00:16, Sys 0 00:00:11  -  Total Remote Usage
		Usr 0 00:00:00, Sys 0 00:00:00  -  Total Local Usage
	83  -  Run Bytes Sent By Job
	0  -  Run Bytes Received By Job
	83  -  Total Bytes Sent By Job
	0  -  Total Bytes Received By Job
	Partitionable Resources :    Usage  Request Allocated 
	   Cpus                 :                 1         1 
	   Disk (KB)            :   604590 15728640  16075298 
	   Memory (MB)          :       12     2048      2048 

	Job terminated of its own accord at 2022-07-08T13:06:39Z.
...
