000 (6630791.000.000) 2022-07-08 18:50:37 Job submitted from host: <193.109.174.82:9618?addrs=193.109.174.82-9618&alias=submit01.pic.es&noUDP&sock=schedd_1572962_ad57>
...
040 (6630791.000.000) 2022-07-08 18:50:45 Finished transferring input files
...
001 (6630791.000.000) 2022-07-08 18:50:45 Job executing on host: <192.168.100.27:9618?addrs=192.168.100.27-9618&alias=tds225.pic.es&noUDP&sock=startd_3975110_672b>
...
006 (6630791.000.000) 2022-07-08 18:50:54 Image size of job updated: 37500
	12  -  MemoryUsage of job (MB)
	11288  -  ResidentSetSize of job (KB)
...
006 (6630791.000.000) 2022-07-08 18:50:59 Image size of job updated: 363584
	12  -  MemoryUsage of job (MB)
	11288  -  ResidentSetSize of job (KB)
...
040 (6630791.000.000) 2022-07-08 18:50:59 Started transferring output files
...
040 (6630791.000.000) 2022-07-08 18:50:59 Finished transferring output files
...
004 (6630791.000.000) 2022-07-08 18:50:59 Job was evicted.
	(0) CPU times
		Usr 0 00:00:04, Sys 0 00:00:03  -  Run Remote Usage
		Usr 0 00:00:00, Sys 0 00:00:00  -  Run Local Usage
	53  -  Run Bytes Sent By Job
	0  -  Run Bytes Received By Job
	Partitionable Resources :    Usage  Request Allocated 
	   Cpus                 :                 1         1 
	   Disk (KB)            :  1767251 15728640  16075298 
	   Memory (MB)          :       12     2048      2048 
...
009 (6630791.000.000) 2022-07-08 18:50:59 Job was aborted.
	via condor_rm (by user rgomez)
...
000 (6633638.000.000) 2022-07-11 12:19:07 Job submitted from host: <193.109.174.82:9618?addrs=193.109.174.82-9618&alias=submit01.pic.es&noUDP&sock=schedd_1572962_ad57>
...
009 (6633638.000.000) 2022-07-11 12:23:12 Job was aborted.
	via condor_rm (by user rgomez)
...
000 (6638657.000.000) 2022-07-14 08:42:41 Job submitted from host: <193.109.174.82:9618?addrs=193.109.174.82-9618&alias=submit01.pic.es&noUDP&sock=schedd_3257502_00c9>
...
040 (6638657.000.000) 2022-07-14 08:42:45 Finished transferring input files
...
001 (6638657.000.000) 2022-07-14 08:42:45 Job executing on host: <192.168.100.198:9618?addrs=192.168.100.198-9618+[2001-67c-1148-301--98]-9618&alias=td098.pic.es&noUDP&sock=startd_2224_0eb7>
...
006 (6638657.000.000) 2022-07-14 08:42:54 Image size of job updated: 37500
	12  -  MemoryUsage of job (MB)
	11288  -  ResidentSetSize of job (KB)
...
006 (6638657.000.000) 2022-07-14 08:47:57 Image size of job updated: 4724820
	12  -  MemoryUsage of job (MB)
	11288  -  ResidentSetSize of job (KB)
...
040 (6638657.000.000) 2022-07-14 08:52:57 Started transferring output files
...
040 (6638657.000.000) 2022-07-14 08:52:57 Finished transferring output files
...
005 (6638657.000.000) 2022-07-14 08:52:57 Job terminated.
	(1) Normal termination (return value 0)
		Usr 0 00:05:13, Sys 0 00:02:12  -  Run Remote Usage
		Usr 0 00:00:00, Sys 0 00:00:00  -  Run Local Usage
		Usr 0 00:05:13, Sys 0 00:02:12  -  Total Remote Usage
		Usr 0 00:00:00, Sys 0 00:00:00  -  Total Local Usage
	83  -  Run Bytes Sent By Job
	0  -  Run Bytes Received By Job
	83  -  Total Bytes Sent By Job
	0  -  Total Bytes Received By Job
	Partitionable Resources :      Usage  Request Allocated 
	   Cpus                 :       0.03        1         1 
	   Disk (KB)            : 4162303    15728640  16766034 
	   Memory (MB)          :      12        2048      2048 

	Job terminated of its own accord at 2022-07-14T06:52:57Z.
...
000 (6638669.000.000) 2022-07-14 10:25:23 Job submitted from host: <193.109.174.82:9618?addrs=193.109.174.82-9618&alias=submit01.pic.es&noUDP&sock=schedd_3257502_00c9>
...
040 (6638669.000.000) 2022-07-14 10:27:23 Finished transferring input files
...
001 (6638669.000.000) 2022-07-14 10:27:23 Job executing on host: <192.168.102.22:9618?addrs=192.168.102.22-9618+[2001-67c-1148-301--812]-9618&alias=td812.pic.es&noUDP&sock=startd_3408_2ed9>
...
006 (6638669.000.000) 2022-07-14 10:27:31 Image size of job updated: 988248
	435  -  MemoryUsage of job (MB)
	444724  -  ResidentSetSize of job (KB)
...
006 (6638669.000.000) 2022-07-14 10:32:32 Image size of job updated: 1868260
	435  -  MemoryUsage of job (MB)
	444724  -  ResidentSetSize of job (KB)
...
040 (6638669.000.000) 2022-07-14 10:37:26 Started transferring output files
...
040 (6638669.000.000) 2022-07-14 10:37:26 Finished transferring output files
...
005 (6638669.000.000) 2022-07-14 10:37:26 Job terminated.
	(1) Normal termination (return value 0)
		Usr 0 00:06:07, Sys 0 00:01:58  -  Run Remote Usage
		Usr 0 00:00:00, Sys 0 00:00:00  -  Run Local Usage
		Usr 0 00:06:07, Sys 0 00:01:58  -  Total Remote Usage
		Usr 0 00:00:00, Sys 0 00:00:00  -  Total Local Usage
	83  -  Run Bytes Sent By Job
	0  -  Run Bytes Received By Job
	83  -  Total Bytes Sent By Job
	0  -  Total Bytes Received By Job
	Partitionable Resources :      Usage  Request Allocated 
	   Cpus                 :       1.00        1         1 
	   Disk (KB)            : 4151769    15728640  19741894 
	   Memory (MB)          :     435        2048      2048 

	Job terminated of its own accord at 2022-07-14T08:37:26Z.
...
