000 (5903199.000.000) 2022-02-25 17:59:35 Job submitted from host: <193.109.174.82:9618?addrs=193.109.174.82-9618&alias=submit01.pic.es&noUDP&sock=schedd_1007576_e86c>
...
040 (5903199.000.000) 2022-02-25 17:59:35 Finished transferring input files
...
001 (5903199.000.000) 2022-02-25 17:59:35 Job executing on host: <192.168.101.162:9618?addrs=192.168.101.162-9618&alias=td607.pic.es&noUDP&sock=startd_2184_9eed>
...
006 (5903199.000.000) 2022-02-25 17:59:44 Image size of job updated: 37500
	11  -  MemoryUsage of job (MB)
	11012  -  ResidentSetSize of job (KB)
...
006 (5903199.000.000) 2022-02-25 18:01:29 Image size of job updated: 4255756
	11  -  MemoryUsage of job (MB)
	11012  -  ResidentSetSize of job (KB)
...
040 (5903199.000.000) 2022-02-25 18:01:29 Started transferring output files
...
040 (5903199.000.000) 2022-02-25 18:01:29 Finished transferring output files
...
005 (5903199.000.000) 2022-02-25 18:01:29 Job terminated.
	(1) Normal termination (return value 0)
		Usr 0 00:00:15, Sys 0 00:00:08  -  Run Remote Usage
		Usr 0 00:00:00, Sys 0 00:00:00  -  Run Local Usage
		Usr 0 00:00:15, Sys 0 00:00:08  -  Total Remote Usage
		Usr 0 00:00:00, Sys 0 00:00:00  -  Total Local Usage
	83  -  Run Bytes Sent By Job
	0  -  Run Bytes Received By Job
	83  -  Total Bytes Sent By Job
	0  -  Total Bytes Received By Job
	Partitionable Resources :     Usage  Request Allocated 
	   Cpus                 :      0.12        1         1 
	   Disk (KB)            : 372941    15728640  16029428 
	   Memory (MB)          :     11        2048      2048 

	Job terminated of its own accord at 2022-02-25T17:01:29Z.
...
000 (5915213.000.000) 2022-02-25 23:10:19 Job submitted from host: <193.109.174.82:9618?addrs=193.109.174.82-9618&alias=submit01.pic.es&noUDP&sock=schedd_1007576_e86c>
...
009 (5915213.000.000) 2022-02-25 23:10:32 Job was aborted.
	via condor_rm (by user rgomez)
...
