000 (4434176.000.000) 07/12 13:12:57 Job submitted from host: <193.109.174.82:9618?addrs=193.109.174.82-9618&noUDP&sock=2519617_4489_3>
...
001 (4434176.000.000) 07/12 13:13:13 Job executing on host: <192.168.100.172:9618?addrs=192.168.100.172-9618+[2001-67c-1148-301--72]-9618&noUDP&sock=2915_06a9_3>
...
006 (4434176.000.000) 07/12 13:13:22 Image size of job updated: 37500
	17  -  MemoryUsage of job (MB)
	16512  -  ResidentSetSize of job (KB)
...
006 (4434176.000.000) 07/12 13:18:26 Image size of job updated: 4969592
	17  -  MemoryUsage of job (MB)
	16512  -  ResidentSetSize of job (KB)
...
006 (4434176.000.000) 07/12 13:28:24 Image size of job updated: 4969592
	292  -  MemoryUsage of job (MB)
	298216  -  ResidentSetSize of job (KB)
...
006 (4434176.000.000) 07/12 13:33:26 Image size of job updated: 4969592
	317  -  MemoryUsage of job (MB)
	323636  -  ResidentSetSize of job (KB)
...
006 (4434176.000.000) 07/12 14:03:30 Image size of job updated: 4969592
	447  -  MemoryUsage of job (MB)
	457480  -  ResidentSetSize of job (KB)
...
006 (4434176.000.000) 07/12 14:23:31 Image size of job updated: 4969592
	451  -  MemoryUsage of job (MB)
	461052  -  ResidentSetSize of job (KB)
...
006 (4434176.000.000) 07/12 14:28:31 Image size of job updated: 4969592
	451  -  MemoryUsage of job (MB)
	461084  -  ResidentSetSize of job (KB)
...
005 (4434176.000.000) 07/12 15:03:53 Job terminated.
	(1) Normal termination (return value 1)
		Usr 0 01:28:33, Sys 0 00:14:43  -  Run Remote Usage
		Usr 0 00:00:00, Sys 0 00:00:00  -  Run Local Usage
		Usr 0 01:28:33, Sys 0 00:14:43  -  Total Remote Usage
		Usr 0 00:00:00, Sys 0 00:00:00  -  Total Local Usage
	161558  -  Run Bytes Sent By Job
	0  -  Run Bytes Received By Job
	161558  -  Total Bytes Sent By Job
	0  -  Total Bytes Received By Job
	Partitionable Resources :      Usage  Request Allocated 
	   Cpus                 :       0.92        1         1 
	   Disk (KB)            : 5356873    15728640  16836482 
	   Memory (MB)          :     451        2048      2048 
...
000 (4435376.000.000) 07/12 21:42:05 Job submitted from host: <193.109.174.82:9618?addrs=193.109.174.82-9618&noUDP&sock=2519617_4489_3>
...
001 (4435376.000.000) 07/12 21:42:35 Job executing on host: <192.168.100.69:43301?addrs=192.168.100.69-43301+[2001-67c-1148-301--267]-43301>
...
006 (4435376.000.000) 07/12 21:42:44 Image size of job updated: 37500
	17  -  MemoryUsage of job (MB)
	16504  -  ResidentSetSize of job (KB)
...
006 (4435376.000.000) 07/12 21:47:55 Image size of job updated: 6459972
	17  -  MemoryUsage of job (MB)
	16504  -  ResidentSetSize of job (KB)
...
006 (4435376.000.000) 07/12 22:12:49 Image size of job updated: 6459972
	410  -  MemoryUsage of job (MB)
	418992  -  ResidentSetSize of job (KB)
...
006 (4435376.000.000) 07/12 22:32:49 Image size of job updated: 6459972
	454  -  MemoryUsage of job (MB)
	463996  -  ResidentSetSize of job (KB)
...
005 (4435376.000.000) 07/12 23:39:49 Job terminated.
	(1) Normal termination (return value 1)
		Usr 0 01:22:58, Sys 0 00:11:43  -  Run Remote Usage
		Usr 0 00:00:00, Sys 0 00:00:00  -  Run Local Usage
		Usr 0 01:22:58, Sys 0 00:11:43  -  Total Remote Usage
		Usr 0 00:00:00, Sys 0 00:00:00  -  Total Local Usage
	149902  -  Run Bytes Sent By Job
	0  -  Run Bytes Received By Job
	149902  -  Total Bytes Sent By Job
	0  -  Total Bytes Received By Job
	Partitionable Resources :      Usage  Request Allocated 
	   Cpus                 :       1.01        1         1 
	   Disk (KB)            : 5356852    15728640  21379582 
	   Memory (MB)          :     454        2048      2048 
...
000 (4435654.000.000) 07/13 07:01:40 Job submitted from host: <193.109.174.82:9618?addrs=193.109.174.82-9618&noUDP&sock=2519617_4489_3>
...
001 (4435654.000.000) 07/13 07:01:50 Job executing on host: <192.168.101.202:9618?addrs=192.168.101.202-9618&noUDP&sock=2097_f230_3>
...
006 (4435654.000.000) 07/13 07:01:59 Image size of job updated: 37500
	16  -  MemoryUsage of job (MB)
	15384  -  ResidentSetSize of job (KB)
...
006 (4435654.000.000) 07/13 07:07:06 Image size of job updated: 4162688
	16  -  MemoryUsage of job (MB)
	15384  -  ResidentSetSize of job (KB)
...
006 (4435654.000.000) 07/13 07:12:02 Image size of job updated: 4162688
	143  -  MemoryUsage of job (MB)
	145820  -  ResidentSetSize of job (KB)
...
006 (4435654.000.000) 07/13 07:17:02 Image size of job updated: 4162688
	269  -  MemoryUsage of job (MB)
	275292  -  ResidentSetSize of job (KB)
...
006 (4435654.000.000) 07/13 07:22:01 Image size of job updated: 4162688
	290  -  MemoryUsage of job (MB)
	296420  -  ResidentSetSize of job (KB)
...
006 (4435654.000.000) 07/13 07:27:02 Image size of job updated: 4162688
	311  -  MemoryUsage of job (MB)
	317648  -  ResidentSetSize of job (KB)
...
004 (4435654.000.000) 07/13 07:46:51 Job was evicted.
	(0) Job was not checkpointed.
		Usr 0 00:35:46, Sys 0 00:05:25  -  Run Remote Usage
		Usr 0 00:00:00, Sys 0 00:00:00  -  Run Local Usage
	50053  -  Run Bytes Sent By Job
	0  -  Run Bytes Received By Job
	Partitionable Resources :      Usage  Request Allocated 
	   Cpus                 :       0.13        1         1 
	   Disk (KB)            : 5073856    15728640  15910772 
	   Memory (MB)          :     311        2048      2048 
...
009 (4435654.000.000) 07/13 07:46:51 Job was aborted by the user.
	via condor_rm (by user rgomez)
...
000 (4435707.000.000) 07/13 08:04:29 Job submitted from host: <193.109.174.82:9618?addrs=193.109.174.82-9618&noUDP&sock=2519617_4489_3>
...
001 (4435707.000.000) 07/13 08:04:47 Job executing on host: <192.168.102.2:9618?addrs=192.168.102.2-9618&noUDP&sock=2097_f230_3>
...
006 (4435707.000.000) 07/13 08:04:56 Image size of job updated: 37500
	16  -  MemoryUsage of job (MB)
	15732  -  ResidentSetSize of job (KB)
...
006 (4435707.000.000) 07/13 08:09:59 Image size of job updated: 4093952
	16  -  MemoryUsage of job (MB)
	15732  -  ResidentSetSize of job (KB)
...
006 (4435707.000.000) 07/13 08:29:57 Image size of job updated: 4093952
	367  -  MemoryUsage of job (MB)
	374972  -  ResidentSetSize of job (KB)
...
006 (4435707.000.000) 07/13 08:34:56 Image size of job updated: 4093952
	450  -  MemoryUsage of job (MB)
	460160  -  ResidentSetSize of job (KB)
...
000 (4435740.000.000) 07/13 09:34:11 Job submitted from host: <193.109.174.82:9618?addrs=193.109.174.82-9618&noUDP&sock=2519617_4489_3>
...
009 (4435740.000.000) 07/13 09:34:20 Job was aborted by the user.
	via condor_rm (by user rgomez)
...
004 (4435707.000.000) 07/13 09:34:27 Job was evicted.
	(0) Job was not checkpointed.
		Usr 0 01:16:03, Sys 0 00:11:36  -  Run Remote Usage
		Usr 0 00:00:00, Sys 0 00:00:00  -  Run Local Usage
	109948  -  Run Bytes Sent By Job
	0  -  Run Bytes Received By Job
	Partitionable Resources :      Usage  Request Allocated 
	   Cpus                 :       0.98        1         1 
	   Disk (KB)            : 5347921    15728640  16206772 
	   Memory (MB)          :     450        2048      2048 
...
009 (4435707.000.000) 07/13 09:34:27 Job was aborted by the user.
	via condor_rm (by user rgomez)
...
000 (4435741.000.000) 07/13 09:34:29 Job submitted from host: <193.109.174.82:9618?addrs=193.109.174.82-9618&noUDP&sock=2519617_4489_3>
...
001 (4435741.000.000) 07/13 09:34:32 Job executing on host: <192.168.100.60:41865?addrs=192.168.100.60-41865+[2001-67c-1148-301--258]-41865>
...
006 (4435741.000.000) 07/13 09:34:41 Image size of job updated: 1082532
	16  -  MemoryUsage of job (MB)
	16368  -  ResidentSetSize of job (KB)
...
006 (4435741.000.000) 07/13 09:39:42 Image size of job updated: 6457364
	16  -  MemoryUsage of job (MB)
	16368  -  ResidentSetSize of job (KB)
...
006 (4435741.000.000) 07/13 09:44:56 Image size of job updated: 6457364
	292  -  MemoryUsage of job (MB)
	298540  -  ResidentSetSize of job (KB)
...
000 (4435760.000.000) 07/13 09:47:02 Job submitted from host: <193.109.174.82:9618?addrs=193.109.174.82-9618&noUDP&sock=2519617_4489_3>
...
001 (4435760.000.000) 07/13 09:47:21 Job executing on host: <192.168.100.60:41865?addrs=192.168.100.60-41865+[2001-67c-1148-301--258]-41865>
...
006 (4435760.000.000) 07/13 09:47:31 Image size of job updated: 1079516
	16  -  MemoryUsage of job (MB)
	16148  -  ResidentSetSize of job (KB)
...
000 (4435761.000.000) 07/13 09:49:08 Job submitted from host: <193.109.174.82:9618?addrs=193.109.174.82-9618&noUDP&sock=2519617_4489_3>
...
004 (4435760.000.000) 07/13 09:49:14 Job was evicted.
	(0) Job was not checkpointed.
		Usr 0 00:00:00, Sys 0 00:00:02  -  Run Remote Usage
		Usr 0 00:00:00, Sys 0 00:00:00  -  Run Local Usage
	40  -  Run Bytes Sent By Job
	0  -  Run Bytes Received By Job
	Partitionable Resources :      Usage  Request Allocated 
	   Cpus                 :       0.02        1         1 
	   Disk (KB)            : 1095219    15728640  21369307 
	   Memory (MB)          :      16        2048      2048 
...
009 (4435760.000.000) 07/13 09:49:14 Job was aborted by the user.
	via condor_rm (by user rgomez)
...
001 (4435761.000.000) 07/13 09:49:19 Job executing on host: <192.168.100.60:41865?addrs=192.168.100.60-41865+[2001-67c-1148-301--258]-41865>
...
006 (4435761.000.000) 07/13 09:49:28 Image size of job updated: 37500
	17  -  MemoryUsage of job (MB)
	17008  -  ResidentSetSize of job (KB)
...
006 (4435741.000.000) 07/13 09:49:42 Image size of job updated: 6457364
	315  -  MemoryUsage of job (MB)
	321624  -  ResidentSetSize of job (KB)
...
004 (4435741.000.000) 07/13 09:53:32 Job was evicted.
	(0) Job was not checkpointed.
		Usr 0 00:08:05, Sys 0 00:01:27  -  Run Remote Usage
		Usr 0 00:00:00, Sys 0 00:00:00  -  Run Local Usage
	904381  -  Run Bytes Sent By Job
	0  -  Run Bytes Received By Job
	Partitionable Resources :      Usage  Request Allocated 
	   Cpus                 :       0.06        1         1 
	   Disk (KB)            : 5084341    15728640  21369307 
	   Memory (MB)          :     315        2048      2048 
...
009 (4435741.000.000) 07/13 09:53:32 Job was aborted by the user.
	via condor_rm (by user rgomez)
...
006 (4435761.000.000) 07/13 09:54:30 Image size of job updated: 6727280
	144  -  MemoryUsage of job (MB)
	146904  -  ResidentSetSize of job (KB)
...
006 (4435761.000.000) 07/13 10:00:13 Image size of job updated: 6727280
	573  -  MemoryUsage of job (MB)
	586356  -  ResidentSetSize of job (KB)
...
004 (4435761.000.000) 07/13 10:00:27 Job was evicted.
	(0) Job was not checkpointed.
		Usr 0 00:04:40, Sys 0 00:00:45  -  Run Remote Usage
		Usr 0 00:00:00, Sys 0 00:00:00  -  Run Local Usage
	70  -  Run Bytes Sent By Job
	0  -  Run Bytes Received By Job
	Partitionable Resources :      Usage  Request Allocated 
	   Cpus                 :       0.92        1         1 
	   Disk (KB)            : 5084334    15728640  21369307 
	   Memory (MB)          :     573        2048      2048 
...
009 (4435761.000.000) 07/13 10:00:27 Job was aborted by the user.
	via condor_rm (by user rgomez)
...
000 (4435798.000.000) 07/13 10:39:58 Job submitted from host: <193.109.174.82:9618?addrs=193.109.174.82-9618&noUDP&sock=2519617_4489_3>
...
001 (4435798.000.000) 07/13 10:40:11 Job executing on host: <192.168.101.44:9618?addrs=192.168.101.44-9618+[2001-67c-1148-301--518]-9618&noUDP&sock=1802_99c0_31>
...
006 (4435798.000.000) 07/13 10:40:20 Image size of job updated: 37500
	16  -  MemoryUsage of job (MB)
	15472  -  ResidentSetSize of job (KB)
...
006 (4435798.000.000) 07/13 10:45:37 Image size of job updated: 3416664
	29  -  MemoryUsage of job (MB)
	29124  -  ResidentSetSize of job (KB)
...
006 (4435798.000.000) 07/13 10:46:07 Image size of job updated: 3416664
	57  -  MemoryUsage of job (MB)
	57416  -  ResidentSetSize of job (KB)
...
004 (4435798.000.000) 07/13 10:46:07 Job was evicted.
	(0) Job was not checkpointed.
		Usr 0 00:03:35, Sys 0 00:00:35  -  Run Remote Usage
		Usr 0 00:00:00, Sys 0 00:00:00  -  Run Local Usage
	70  -  Run Bytes Sent By Job
	0  -  Run Bytes Received By Job
	Partitionable Resources :      Usage  Request Allocated 
	   Cpus                 :       1.00        1         1 
	   Disk (KB)            : 5084334    15728640  16904271 
	   Memory (MB)          :      57        2048      2048 
...
009 (4435798.000.000) 07/13 10:46:07 Job was aborted by the user.
	via condor_rm (by user rgomez)
...
000 (4435807.000.000) 07/13 11:09:43 Job submitted from host: <193.109.174.82:9618?addrs=193.109.174.82-9618&noUDP&sock=2519617_4489_3>
...
001 (4435807.000.000) 07/13 11:10:05 Job executing on host: <192.168.101.164:9618?addrs=192.168.101.164-9618&noUDP&sock=2175_7293_3>
...
006 (4435807.000.000) 07/13 11:10:14 Image size of job updated: 1081568
	16  -  MemoryUsage of job (MB)
	15668  -  ResidentSetSize of job (KB)
...
006 (4435807.000.000) 07/13 11:15:20 Image size of job updated: 4292764
	16  -  MemoryUsage of job (MB)
	15668  -  ResidentSetSize of job (KB)
...
006 (4435807.000.000) 07/13 11:20:17 Image size of job updated: 4292764
	341  -  MemoryUsage of job (MB)
	348688  -  ResidentSetSize of job (KB)
...
006 (4435807.000.000) 07/13 11:25:17 Image size of job updated: 4292764
	370  -  MemoryUsage of job (MB)
	377880  -  ResidentSetSize of job (KB)
...
006 (4435807.000.000) 07/13 12:10:22 Image size of job updated: 4292764
	442  -  MemoryUsage of job (MB)
	451688  -  ResidentSetSize of job (KB)
...
006 (4435807.000.000) 07/13 12:20:23 Image size of job updated: 13323476
	442  -  MemoryUsage of job (MB)
	451688  -  ResidentSetSize of job (KB)
...
005 (4435807.000.000) 07/13 13:27:14 Job terminated.
	(1) Normal termination (return value 1)
		Usr 0 01:59:14, Sys 0 00:14:16  -  Run Remote Usage
		Usr 0 00:00:00, Sys 0 00:00:00  -  Run Local Usage
		Usr 0 01:59:14, Sys 0 00:14:16  -  Total Remote Usage
		Usr 0 00:00:00, Sys 0 00:00:00  -  Total Local Usage
	70  -  Run Bytes Sent By Job
	0  -  Run Bytes Received By Job
	70  -  Total Bytes Sent By Job
	0  -  Total Bytes Received By Job
	Partitionable Resources :      Usage  Request Allocated 
	   Cpus                 :       0.85        1         1 
	   Disk (KB)            : 5336089    15728640  16274746 
	   Memory (MB)          :     442        2048      2048 
...
