000 (4947986.000.000) 2021-11-06 12:23:56 Job submitted from host: <193.109.174.82:9618?addrs=193.109.174.82-9618&alias=submit01.pic.es&noUDP&sock=schedd_244326_e46e>
...
040 (4947986.000.000) 2021-11-06 12:24:01 Finished transferring input files
...
001 (4947986.000.000) 2021-11-06 12:24:01 Job executing on host: <192.168.100.6:9618?addrs=192.168.100.6-9618+[2001-67c-1148-301--204]-9618&alias=tds204.pic.es&noUDP&sock=startd_33454_3d69>
...
006 (4947986.000.000) 2021-11-06 12:24:10 Image size of job updated: 37500
	16  -  MemoryUsage of job (MB)
	15848  -  ResidentSetSize of job (KB)
...
006 (4947986.000.000) 2021-11-06 12:28:22 Image size of job updated: 4673292
	16  -  MemoryUsage of job (MB)
	15848  -  ResidentSetSize of job (KB)
...
040 (4947986.000.000) 2021-11-06 12:28:22 Started transferring output files
...
040 (4947986.000.000) 2021-11-06 12:28:22 Finished transferring output files
...
005 (4947986.000.000) 2021-11-06 12:28:22 Job terminated.
	(1) Normal termination (return value 1)
		Usr 0 00:03:34, Sys 0 00:00:36  -  Run Remote Usage
		Usr 0 00:00:00, Sys 0 00:00:00  -  Run Local Usage
		Usr 0 00:03:34, Sys 0 00:00:36  -  Total Remote Usage
		Usr 0 00:00:00, Sys 0 00:00:00  -  Total Local Usage
	83  -  Run Bytes Sent By Job
	0  -  Run Bytes Received By Job
	83  -  Total Bytes Sent By Job
	0  -  Total Bytes Received By Job
	Partitionable Resources :     Usage  Request Allocated 
	   Cpus                 :      0.98        1         1 
	   Disk (KB)            : 854830    15728640  15914845 
	   Memory (MB)          :     16        2048      2048 

	Job terminated of its own accord at 2021-11-06T11:28:22Z.
...
