000 (5938799.000.000) 2022-02-26 10:08:09 Job submitted from host: <193.109.174.82:9618?addrs=193.109.174.82-9618&alias=submit01.pic.es&noUDP&sock=schedd_1007576_e86c>
...
000 (5938851.000.000) 2022-02-26 10:08:34 Job submitted from host: <193.109.174.82:9618?addrs=193.109.174.82-9618&alias=submit01.pic.es&noUDP&sock=schedd_1007576_e86c>
...
009 (5938799.000.000) 2022-02-26 10:09:12 Job was aborted.
	via condor_rm (by user rgomez)
...
040 (5938851.000.000) 2022-02-26 10:22:19 Finished transferring input files
...
001 (5938851.000.000) 2022-02-26 10:22:19 Job executing on host: <192.168.101.166:9618?addrs=192.168.101.166-9618&alias=td611.pic.es&noUDP&sock=startd_2203_a73a>
...
006 (5938851.000.000) 2022-02-26 10:22:28 Image size of job updated: 988244
	11  -  MemoryUsage of job (MB)
	10808  -  ResidentSetSize of job (KB)
...
006 (5938851.000.000) 2022-02-26 10:27:31 Image size of job updated: 4194672
	25  -  MemoryUsage of job (MB)
	24816  -  ResidentSetSize of job (KB)
...
006 (5938851.000.000) 2022-02-26 10:32:32 Image size of job updated: 4194672
	25  -  MemoryUsage of job (MB)
	24860  -  ResidentSetSize of job (KB)
...
006 (5938851.000.000) 2022-02-26 10:37:17 Image size of job updated: 4630188
	25  -  MemoryUsage of job (MB)
	24860  -  ResidentSetSize of job (KB)
...
040 (5938851.000.000) 2022-02-26 10:37:17 Started transferring output files
...
040 (5938851.000.000) 2022-02-26 10:37:17 Finished transferring output files
...
005 (5938851.000.000) 2022-02-26 10:37:17 Job terminated.
	(1) Normal termination (return value 0)
		Usr 0 00:06:35, Sys 0 00:00:30  -  Run Remote Usage
		Usr 0 00:00:00, Sys 0 00:00:00  -  Run Local Usage
		Usr 0 00:06:35, Sys 0 00:00:30  -  Total Remote Usage
		Usr 0 00:00:00, Sys 0 00:00:00  -  Total Local Usage
	83  -  Run Bytes Sent By Job
	0  -  Run Bytes Received By Job
	83  -  Total Bytes Sent By Job
	0  -  Total Bytes Received By Job
	Partitionable Resources :      Usage  Request Allocated 
	   Cpus                 :       0.19        1         1 
	   Disk (KB)            : 4151769    15728640  16017484 
	   Memory (MB)          :      25        2048      2048 

	Job terminated of its own accord at 2022-02-26T09:37:17Z.
...
