000 (6013484.000.000) 2022-03-01 13:42:09 Job submitted from host: <193.109.174.82:9618?addrs=193.109.174.82-9618&alias=submit01.pic.es&noUDP&sock=schedd_604244_b420>
...
040 (6013484.000.000) 2022-03-01 13:42:24 Finished transferring input files
...
001 (6013484.000.000) 2022-03-01 13:42:24 Job executing on host: <192.168.101.36:9618?addrs=192.168.101.36-9618+[2001-67c-1148-301--507]-9618&alias=td507.pic.es&noUDP&sock=startd_114333_81b4>
...
006 (6013484.000.000) 2022-03-01 13:42:33 Image size of job updated: 987836
	19  -  MemoryUsage of job (MB)
	18676  -  ResidentSetSize of job (KB)
...
006 (6013484.000.000) 2022-03-01 13:42:53 Image size of job updated: 3271744
	19  -  MemoryUsage of job (MB)
	18676  -  ResidentSetSize of job (KB)
...
040 (6013484.000.000) 2022-03-01 13:42:53 Started transferring output files
...
040 (6013484.000.000) 2022-03-01 13:42:54 Finished transferring output files
...
004 (6013484.000.000) 2022-03-01 13:42:54 Job was evicted.
	(0) CPU times
		Usr 0 00:00:05, Sys 0 00:00:02  -  Run Remote Usage
		Usr 0 00:00:00, Sys 0 00:00:00  -  Run Local Usage
	53  -  Run Bytes Sent By Job
	0  -  Run Bytes Received By Job
	Partitionable Resources :    Usage  Request Allocated 
	   Cpus                 :                 1         1 
	   Disk (KB)            :  1938260 15728640  15964238 
	   Memory (MB)          :       19     2048      2048 
...
009 (6013484.000.000) 2022-03-01 13:42:54 Job was aborted.
	via condor_rm (by user rgomez)
...
000 (6013485.000.000) 2022-03-01 13:44:55 Job submitted from host: <193.109.174.82:9618?addrs=193.109.174.82-9618&alias=submit01.pic.es&noUDP&sock=schedd_604244_b420>
...
040 (6013485.000.000) 2022-03-01 13:45:11 Finished transferring input files
...
001 (6013485.000.000) 2022-03-01 13:45:11 Job executing on host: <192.168.101.36:9618?addrs=192.168.101.36-9618+[2001-67c-1148-301--507]-9618&alias=td507.pic.es&noUDP&sock=startd_114333_81b4>
...
006 (6013485.000.000) 2022-03-01 13:45:21 Image size of job updated: 37500
	17  -  MemoryUsage of job (MB)
	16644  -  ResidentSetSize of job (KB)
...
006 (6013485.000.000) 2022-03-01 13:46:36 Image size of job updated: 3380436
	17  -  MemoryUsage of job (MB)
	16644  -  ResidentSetSize of job (KB)
...
040 (6013485.000.000) 2022-03-01 13:46:36 Started transferring output files
...
040 (6013485.000.000) 2022-03-01 13:46:36 Finished transferring output files
...
005 (6013485.000.000) 2022-03-01 13:46:36 Job terminated.
	(1) Normal termination (return value 0)
		Usr 0 00:00:12, Sys 0 00:00:06  -  Run Remote Usage
		Usr 0 00:00:00, Sys 0 00:00:00  -  Run Local Usage
		Usr 0 00:00:12, Sys 0 00:00:06  -  Total Remote Usage
		Usr 0 00:00:00, Sys 0 00:00:00  -  Total Local Usage
	83  -  Run Bytes Sent By Job
	0  -  Run Bytes Received By Job
	83  -  Total Bytes Sent By Job
	0  -  Total Bytes Received By Job
	Partitionable Resources :    Usage  Request Allocated 
	   Cpus                 :        0        1         1 
	   Disk (KB)            :   746983 15728640  15964238 
	   Memory (MB)          :       17     2048      2048 

	Job terminated of its own accord at 2022-03-01T12:46:36Z.
...
000 (6013489.000.000) 2022-03-01 13:53:39 Job submitted from host: <193.109.174.82:9618?addrs=193.109.174.82-9618&alias=submit01.pic.es&noUDP&sock=schedd_604244_b420>
...
040 (6013489.000.000) 2022-03-01 13:53:50 Finished transferring input files
...
001 (6013489.000.000) 2022-03-01 13:53:50 Job executing on host: <192.168.101.36:9618?addrs=192.168.101.36-9618+[2001-67c-1148-301--507]-9618&alias=td507.pic.es&noUDP&sock=startd_114333_81b4>
...
006 (6013489.000.000) 2022-03-01 13:54:02 Image size of job updated: 37500
	17  -  MemoryUsage of job (MB)
	16644  -  ResidentSetSize of job (KB)
...
006 (6013489.000.000) 2022-03-01 13:54:55 Image size of job updated: 3248360
	17  -  MemoryUsage of job (MB)
	16644  -  ResidentSetSize of job (KB)
...
040 (6013489.000.000) 2022-03-01 13:54:55 Started transferring output files
...
040 (6013489.000.000) 2022-03-01 13:54:55 Finished transferring output files
...
005 (6013489.000.000) 2022-03-01 13:54:55 Job terminated.
	(1) Normal termination (return value 0)
		Usr 0 00:00:11, Sys 0 00:00:06  -  Run Remote Usage
		Usr 0 00:00:00, Sys 0 00:00:00  -  Run Local Usage
		Usr 0 00:00:11, Sys 0 00:00:06  -  Total Remote Usage
		Usr 0 00:00:00, Sys 0 00:00:00  -  Total Local Usage
	83  -  Run Bytes Sent By Job
	0  -  Run Bytes Received By Job
	83  -  Total Bytes Sent By Job
	0  -  Total Bytes Received By Job
	Partitionable Resources :    Usage  Request Allocated 
	   Cpus                 :                 1         1 
	   Disk (KB)            :   728429 15728640  15964238 
	   Memory (MB)          :       17     2048      2048 

	Job terminated of its own accord at 2022-03-01T12:54:55Z.
...
