000 (4433952.000.000) 07/12 00:48:37 Job submitted from host: <193.109.174.82:9618?addrs=193.109.174.82-9618&noUDP&sock=2519617_4489_3>
...
001 (4433952.000.000) 07/12 00:48:58 Job executing on host: <192.168.101.71:9618?addrs=192.168.101.71-9618&noUDP&sock=582404_47ba_3>
...
006 (4433952.000.000) 07/12 00:49:06 Image size of job updated: 1149568
	16  -  MemoryUsage of job (MB)
	16144  -  ResidentSetSize of job (KB)
...
006 (4433952.000.000) 07/12 00:54:50 Image size of job updated: 6744956
	363  -  MemoryUsage of job (MB)
	371116  -  ResidentSetSize of job (KB)
...
006 (4433952.000.000) 07/12 01:02:28 Image size of job updated: 7338972
	363  -  MemoryUsage of job (MB)
	371116  -  ResidentSetSize of job (KB)
...
005 (4433952.000.000) 07/12 01:02:32 Job terminated.
	(1) Normal termination (return value 0)
		Usr 0 00:00:15, Sys 0 00:00:10  -  Run Remote Usage
		Usr 0 00:00:00, Sys 0 00:00:00  -  Run Local Usage
		Usr 0 00:00:15, Sys 0 00:00:10  -  Total Remote Usage
		Usr 0 00:00:00, Sys 0 00:00:00  -  Total Local Usage
	5353  -  Run Bytes Sent By Job
	0  -  Run Bytes Received By Job
	5353  -  Total Bytes Sent By Job
	0  -  Total Bytes Received By Job
	Partitionable Resources :      Usage  Request Allocated 
	   Cpus                 :       0.06        1         1 
	   Disk (KB)            : 3983751    15728640  21420971 
	   Memory (MB)          :     363        2048      2048 
...
