000 (5889929.000.000) 2022-02-21 13:37:59 Job submitted from host: <193.109.174.82:9618?addrs=193.109.174.82-9618&alias=submit01.pic.es&noUDP&sock=schedd_1007576_e86c>
...
040 (5889929.000.000) 2022-02-21 13:38:06 Finished transferring input files
...
001 (5889929.000.000) 2022-02-21 13:38:06 Job executing on host: <192.168.101.172:9618?addrs=192.168.101.172-9618&alias=td617.pic.es&noUDP&sock=startd_2110_dceb>
...
006 (5889929.000.000) 2022-02-21 13:38:15 Image size of job updated: 37500
	12  -  MemoryUsage of job (MB)
	11280  -  ResidentSetSize of job (KB)
...
006 (5889929.000.000) 2022-02-21 13:39:31 Image size of job updated: 4191216
	12  -  MemoryUsage of job (MB)
	11280  -  ResidentSetSize of job (KB)
...
040 (5889929.000.000) 2022-02-21 13:39:31 Started transferring output files
...
040 (5889929.000.000) 2022-02-21 13:39:31 Finished transferring output files
...
005 (5889929.000.000) 2022-02-21 13:39:31 Job terminated.
	(1) Normal termination (return value 0)
		Usr 0 00:00:16, Sys 0 00:00:13  -  Run Remote Usage
		Usr 0 00:00:00, Sys 0 00:00:00  -  Run Local Usage
		Usr 0 00:00:16, Sys 0 00:00:13  -  Total Remote Usage
		Usr 0 00:00:00, Sys 0 00:00:00  -  Total Local Usage
	5290  -  Run Bytes Sent By Job
	0  -  Run Bytes Received By Job
	5290  -  Total Bytes Sent By Job
	0  -  Total Bytes Received By Job
	Partitionable Resources :    Usage  Request Allocated 
	   Cpus                 :                 1         1 
	   Disk (KB)            :   772077 15728640  16188764 
	   Memory (MB)          :       12     2048      2048 

	Job terminated of its own accord at 2022-02-21T12:39:31Z.
...
000 (5889932.000.000) 2022-02-21 13:50:43 Job submitted from host: <193.109.174.82:9618?addrs=193.109.174.82-9618&alias=submit01.pic.es&noUDP&sock=schedd_1007576_e86c>
...
040 (5889932.000.000) 2022-02-21 13:51:07 Finished transferring input files
...
001 (5889932.000.000) 2022-02-21 13:51:07 Job executing on host: <192.168.100.197:9618?addrs=192.168.100.197-9618+[2001-67c-1148-301--97]-9618&alias=td097.pic.es&noUDP&sock=startd_25748_9099>
...
006 (5889932.000.000) 2022-02-21 13:51:16 Image size of job updated: 987836
	12  -  MemoryUsage of job (MB)
	11280  -  ResidentSetSize of job (KB)
...
006 (5889932.000.000) 2022-02-21 13:52:35 Image size of job updated: 4668984
	12  -  MemoryUsage of job (MB)
	11280  -  ResidentSetSize of job (KB)
...
040 (5889932.000.000) 2022-02-21 13:52:35 Started transferring output files
...
040 (5889932.000.000) 2022-02-21 13:52:35 Finished transferring output files
...
005 (5889932.000.000) 2022-02-21 13:52:35 Job terminated.
	(1) Normal termination (return value 0)
		Usr 0 00:00:16, Sys 0 00:00:09  -  Run Remote Usage
		Usr 0 00:00:00, Sys 0 00:00:00  -  Run Local Usage
		Usr 0 00:00:16, Sys 0 00:00:09  -  Total Remote Usage
		Usr 0 00:00:00, Sys 0 00:00:00  -  Total Local Usage
	5290  -  Run Bytes Sent By Job
	0  -  Run Bytes Received By Job
	5290  -  Total Bytes Sent By Job
	0  -  Total Bytes Received By Job
	Partitionable Resources :    Usage  Request Allocated 
	   Cpus                 :                 1         1 
	   Disk (KB)            :   781805 15728640  16940521 
	   Memory (MB)          :       12     2048      2048 

	Job terminated of its own accord at 2022-02-21T12:52:35Z.
...
