000 (5889913.000.000) 2022-02-21 12:25:26 Job submitted from host: <193.109.174.82:9618?addrs=193.109.174.82-9618&alias=submit01.pic.es&noUDP&sock=schedd_1007576_e86c>
...
040 (5889913.000.000) 2022-02-21 12:25:39 Finished transferring input files
...
001 (5889913.000.000) 2022-02-21 12:25:39 Job executing on host: <192.168.101.206:9618?addrs=192.168.101.206-9618&alias=td651.pic.es&noUDP&sock=startd_2217_418e>
...
006 (5889913.000.000) 2022-02-21 12:25:47 Image size of job updated: 71768
	11  -  MemoryUsage of job (MB)
	11072  -  ResidentSetSize of job (KB)
...
006 (5889913.000.000) 2022-02-21 12:27:18 Image size of job updated: 4192552
	11  -  MemoryUsage of job (MB)
	11072  -  ResidentSetSize of job (KB)
...
040 (5889913.000.000) 2022-02-21 12:27:18 Started transferring output files
...
040 (5889913.000.000) 2022-02-21 12:27:18 Finished transferring output files
...
005 (5889913.000.000) 2022-02-21 12:27:18 Job terminated.
	(1) Normal termination (return value 0)
		Usr 0 00:00:15, Sys 0 00:00:11  -  Run Remote Usage
		Usr 0 00:00:00, Sys 0 00:00:00  -  Run Local Usage
		Usr 0 00:00:15, Sys 0 00:00:11  -  Total Remote Usage
		Usr 0 00:00:00, Sys 0 00:00:00  -  Total Local Usage
	5290  -  Run Bytes Sent By Job
	0  -  Run Bytes Received By Job
	5290  -  Total Bytes Sent By Job
	0  -  Total Bytes Received By Job
	Partitionable Resources :    Usage  Request Allocated 
	   Cpus                 :                 1         1 
	   Disk (KB)            :   460781 15728640  15939379 
	   Memory (MB)          :       11     2048      2048 

	Job terminated of its own accord at 2022-02-21T11:27:18Z.
...
