000 (4434175.000.000) 07/12 13:02:57 Job submitted from host: <193.109.174.82:9618?addrs=193.109.174.82-9618&noUDP&sock=2519617_4489_3>
...
001 (4434175.000.000) 07/12 13:03:17 Job executing on host: <192.168.100.202:9618?addrs=192.168.100.202-9618+[2001-67c-1148-301--102]-9618&noUDP&sock=2200_9871_3>
...
006 (4434175.000.000) 07/12 13:03:26 Image size of job updated: 91012
	89  -  MemoryUsage of job (MB)
	90872  -  ResidentSetSize of job (KB)
...
006 (4434175.000.000) 07/12 13:08:29 Image size of job updated: 4558360
	97  -  MemoryUsage of job (MB)
	98404  -  ResidentSetSize of job (KB)
...
005 (4434175.000.000) 07/12 13:09:11 Job terminated.
	(1) Normal termination (return value 0)
		Usr 0 00:02:01, Sys 0 00:00:56  -  Run Remote Usage
		Usr 0 00:00:00, Sys 0 00:00:00  -  Run Local Usage
		Usr 0 00:02:01, Sys 0 00:00:56  -  Total Remote Usage
		Usr 0 00:00:00, Sys 0 00:00:00  -  Total Local Usage
	51501  -  Run Bytes Sent By Job
	0  -  Run Bytes Received By Job
	51501  -  Total Bytes Sent By Job
	0  -  Total Bytes Received By Job
	Partitionable Resources :      Usage  Request Allocated 
	   Cpus                 :       0.02        1         1 
	   Disk (KB)            : 4162338    15728640  16878463 
	   Memory (MB)          :      97        2048      2048 
...
