000 (4947985.000.000) 2021-11-06 12:13:55 Job submitted from host: <193.109.174.82:9618?addrs=193.109.174.82-9618&alias=submit01.pic.es&noUDP&sock=schedd_244326_e46e>
...
040 (4947985.000.000) 2021-11-06 12:14:14 Finished transferring input files
...
001 (4947985.000.000) 2021-11-06 12:14:14 Job executing on host: <192.168.100.232:9618?addrs=192.168.100.232-9618+[2001-67c-1148-301--132]-9618&alias=td132.pic.es&noUDP&sock=startd_24039_553f>
...
006 (4947985.000.000) 2021-11-06 12:14:22 Image size of job updated: 988032
	16  -  MemoryUsage of job (MB)
	15848  -  ResidentSetSize of job (KB)
...
006 (4947985.000.000) 2021-11-06 12:19:17 Image size of job updated: 4734124
	16  -  MemoryUsage of job (MB)
	15848  -  ResidentSetSize of job (KB)
...
040 (4947985.000.000) 2021-11-06 12:19:17 Started transferring output files
...
040 (4947985.000.000) 2021-11-06 12:19:17 Finished transferring output files
...
005 (4947985.000.000) 2021-11-06 12:19:17 Job terminated.
	(1) Normal termination (return value 0)
		Usr 0 00:02:11, Sys 0 00:00:48  -  Run Remote Usage
		Usr 0 00:00:00, Sys 0 00:00:00  -  Run Local Usage
		Usr 0 00:02:11, Sys 0 00:00:48  -  Total Remote Usage
		Usr 0 00:00:00, Sys 0 00:00:00  -  Total Local Usage
	83  -  Run Bytes Sent By Job
	0  -  Run Bytes Received By Job
	83  -  Total Bytes Sent By Job
	0  -  Total Bytes Received By Job
	Partitionable Resources :     Usage  Request Allocated 
	   Cpus                 :      0.02        1         1 
	   Disk (KB)            : 628949    15728640  16952234 
	   Memory (MB)          :     16        2048      2048 

	Job terminated of its own accord at 2021-11-06T11:19:17Z.
...
