000 (7151910.000.000) 2022-11-29 12:01:20 Job submitted from host: <193.109.174.82:9618?addrs=193.109.174.82-9618&alias=submit01.pic.es&noUDP&sock=schedd_3366225_f019>
...
040 (7151910.000.000) 2022-11-29 12:01:47 Finished transferring input files
...
001 (7151910.000.000) 2022-11-29 12:01:47 Job executing on host: <192.168.100.77:9618?addrs=192.168.100.77-9618+[2001-67c-1148-301--275]-9618&alias=tds275.pic.es&noUDP&sock=startd_2893_ef93>
...
006 (7151910.000.000) 2022-11-29 12:01:57 Image size of job updated: 72120
	1  -  MemoryUsage of job (MB)
	272  -  ResidentSetSize of job (KB)
...
006 (7151910.000.000) 2022-11-29 12:02:39 Image size of job updated: 861576
	1  -  MemoryUsage of job (MB)
	272  -  ResidentSetSize of job (KB)
...
040 (7151910.000.000) 2022-11-29 12:02:39 Started transferring output files
...
040 (7151910.000.000) 2022-11-29 12:02:39 Finished transferring output files
...
005 (7151910.000.000) 2022-11-29 12:02:39 Job terminated.
	(1) Normal termination (return value 0)
		Usr 0 00:00:01, Sys 0 00:00:00  -  Run Remote Usage
		Usr 0 00:00:00, Sys 0 00:00:00  -  Run Local Usage
		Usr 0 00:00:01, Sys 0 00:00:00  -  Total Remote Usage
		Usr 0 00:00:00, Sys 0 00:00:00  -  Total Local Usage
	0  -  Run Bytes Sent By Job
	0  -  Run Bytes Received By Job
	0  -  Total Bytes Sent By Job
	0  -  Total Bytes Received By Job
	Partitionable Resources :    Usage  Request Allocated 
	   Cpus                 :     0.00        1         1 
	   Disk (KB)            :    20    15728640  21271563 
	   Memory (MB)          :     1        2048      2048 

	Job terminated of its own accord at 2022-11-29T11:02:39Z.
...
