000 (5903198.000.000) 2022-02-25 17:57:34 Job submitted from host: <193.109.174.82:9618?addrs=193.109.174.82-9618&alias=submit01.pic.es&noUDP&sock=schedd_1007576_e86c>
...
040 (5903198.000.000) 2022-02-25 17:57:42 Finished transferring input files
...
001 (5903198.000.000) 2022-02-25 17:57:42 Job executing on host: <192.168.101.204:9618?addrs=192.168.101.204-9618&alias=td649.pic.es&noUDP&sock=startd_2413_b21e>
...
006 (5903198.000.000) 2022-02-25 17:57:51 Image size of job updated: 987836
	12  -  MemoryUsage of job (MB)
	11284  -  ResidentSetSize of job (KB)
...
006 (5903198.000.000) 2022-02-25 17:59:09 Image size of job updated: 4256676
	12  -  MemoryUsage of job (MB)
	11284  -  ResidentSetSize of job (KB)
...
040 (5903198.000.000) 2022-02-25 17:59:09 Started transferring output files
...
040 (5903198.000.000) 2022-02-25 17:59:10 Finished transferring output files
...
005 (5903198.000.000) 2022-02-25 17:59:10 Job terminated.
	(1) Normal termination (return value 0)
		Usr 0 00:00:17, Sys 0 00:00:14  -  Run Remote Usage
		Usr 0 00:00:00, Sys 0 00:00:00  -  Run Local Usage
		Usr 0 00:00:17, Sys 0 00:00:14  -  Total Remote Usage
		Usr 0 00:00:00, Sys 0 00:00:00  -  Total Local Usage
	5374  -  Run Bytes Sent By Job
	0  -  Run Bytes Received By Job
	5374  -  Total Bytes Sent By Job
	0  -  Total Bytes Received By Job
	Partitionable Resources :    Usage  Request Allocated 
	   Cpus                 :                 1         1 
	   Disk (KB)            :   503789 15728640  16089360 
	   Memory (MB)          :       12     2048      2048 

	Job terminated of its own accord at 2022-02-25T16:59:09Z.
...
000 (5907204.000.000) 2022-02-25 19:20:10 Job submitted from host: <193.109.174.82:9618?addrs=193.109.174.82-9618&alias=submit01.pic.es&noUDP&sock=schedd_1007576_e86c>
...
040 (5907204.000.000) 2022-02-25 19:20:29 Finished transferring input files
...
001 (5907204.000.000) 2022-02-25 19:20:29 Job executing on host: <192.168.102.18:9618?addrs=192.168.102.18-9618+[2001-67c-1148-301--808]-9618&alias=td808.pic.es&noUDP&sock=startd_647369_dddb>
...
006 (5907204.000.000) 2022-02-25 19:20:33 Image size of job updated: 1061648
	0  -  MemoryUsage of job (MB)
	0  -  ResidentSetSize of job (KB)
...
040 (5907204.000.000) 2022-02-25 19:20:33 Started transferring output files
...
040 (5907204.000.000) 2022-02-25 19:20:33 Finished transferring output files
...
005 (5907204.000.000) 2022-02-25 19:20:33 Job terminated.
	(1) Normal termination (return value 0)
		Usr 0 00:00:00, Sys 0 00:00:00  -  Run Remote Usage
		Usr 0 00:00:00, Sys 0 00:00:00  -  Run Local Usage
		Usr 0 00:00:00, Sys 0 00:00:00  -  Total Remote Usage
		Usr 0 00:00:00, Sys 0 00:00:00  -  Total Local Usage
	5283  -  Run Bytes Sent By Job
	0  -  Run Bytes Received By Job
	5283  -  Total Bytes Sent By Job
	0  -  Total Bytes Received By Job
	Partitionable Resources :    Usage  Request Allocated 
	   Cpus                 :                 1         1 
	   Disk (KB)            :       19 15728640  20254574 
	   Memory (MB)          :        0     2048      2048 

	Job terminated of its own accord at 2022-02-25T18:20:33Z.
...
000 (5914326.000.000) 2022-02-25 22:48:15 Job submitted from host: <193.109.174.82:9618?addrs=193.109.174.82-9618&alias=submit01.pic.es&noUDP&sock=schedd_1007576_e86c>
...
040 (5914326.000.000) 2022-02-25 22:49:01 Finished transferring input files
...
001 (5914326.000.000) 2022-02-25 22:49:01 Job executing on host: <192.168.100.127:9618?addrs=192.168.100.127-9618+[2001-67c-1148-301--43]-9618&alias=td043.pic.es&noUDP&sock=startd_625983_d975>
...
006 (5914326.000.000) 2022-02-25 22:49:09 Image size of job updated: 987836
	12  -  MemoryUsage of job (MB)
	11280  -  ResidentSetSize of job (KB)
...
006 (5914326.000.000) 2022-02-25 22:54:11 Image size of job updated: 4666608
	1072  -  MemoryUsage of job (MB)
	1097484  -  ResidentSetSize of job (KB)
...
006 (5914326.000.000) 2022-02-25 22:59:09 Image size of job updated: 4666608
	1239  -  MemoryUsage of job (MB)
	1267772  -  ResidentSetSize of job (KB)
...
006 (5914326.000.000) 2022-02-25 23:04:09 Image size of job updated: 4666608
	1239  -  MemoryUsage of job (MB)
	1268060  -  ResidentSetSize of job (KB)
...
006 (5914326.000.000) 2022-02-25 23:09:10 Image size of job updated: 4666608
	1277  -  MemoryUsage of job (MB)
	1307452  -  ResidentSetSize of job (KB)
...
006 (5914326.000.000) 2022-02-25 23:09:59 Image size of job updated: 4666608
	1277  -  MemoryUsage of job (MB)
	1307484  -  ResidentSetSize of job (KB)
...
040 (5914326.000.000) 2022-02-25 23:09:59 Started transferring output files
...
040 (5914326.000.000) 2022-02-25 23:09:59 Finished transferring output files
...
005 (5914326.000.000) 2022-02-25 23:09:59 Job terminated.
	(1) Normal termination (return value 0)
		Usr 0 00:00:19, Sys 0 00:00:39  -  Run Remote Usage
		Usr 0 00:00:00, Sys 0 00:00:00  -  Run Local Usage
		Usr 0 00:00:19, Sys 0 00:00:39  -  Total Remote Usage
		Usr 0 00:00:00, Sys 0 00:00:00  -  Total Local Usage
	5563  -  Run Bytes Sent By Job
	0  -  Run Bytes Received By Job
	5563  -  Total Bytes Sent By Job
	0  -  Total Bytes Received By Job
	Partitionable Resources :      Usage  Request Allocated 
	   Cpus                 :       0.02        1         1 
	   Disk (KB)            : 4162295    15728640  16886329 
	   Memory (MB)          :    1277        2048      2048 

	Job terminated of its own accord at 2022-02-25T22:09:59Z.
...
