000 (4468526.000.000) 07/30 02:11:31 Job submitted from host: <193.109.174.82:9618?addrs=193.109.174.82-9618&noUDP&sock=3212320_e8be_3>
...
001 (4468526.000.000) 07/30 02:12:09 Job executing on host: <192.168.100.214:9618?addrs=192.168.100.214-9618+[2001-67c-1148-301--114]-9618&noUDP&sock=2226_6de8_3>
...
006 (4468526.000.000) 07/30 02:12:18 Image size of job updated: 37500
	17  -  MemoryUsage of job (MB)
	17188  -  ResidentSetSize of job (KB)
...
006 (4468526.000.000) 07/30 02:15:36 Image size of job updated: 4765712
	17  -  MemoryUsage of job (MB)
	17188  -  ResidentSetSize of job (KB)
...
005 (4468526.000.000) 07/30 02:15:36 Job terminated.
	(1) Normal termination (return value 0)
		Usr 0 00:01:17, Sys 0 00:00:34  -  Run Remote Usage
		Usr 0 00:00:00, Sys 0 00:00:00  -  Run Local Usage
		Usr 0 00:01:17, Sys 0 00:00:34  -  Total Remote Usage
		Usr 0 00:00:00, Sys 0 00:00:00  -  Total Local Usage
	83  -  Run Bytes Sent By Job
	0  -  Run Bytes Received By Job
	83  -  Total Bytes Sent By Job
	0  -  Total Bytes Received By Job
	Partitionable Resources :     Usage  Request Allocated 
	   Cpus                 :      0.67        1         1 
	   Disk (KB)            : 437589    15728640  16915658 
	   Memory (MB)          :     17        2048      2048 
...
